This is pdfTeX, Version 3.14159265-2.6-1.40.18 (TeX Live 2017) (preloaded format=pdflatex 2017.5.23)  9 OCT 2019 22:52
entering extended mode
 restricted \write18 enabled.
 %&-line parsing enabled.
**document.tex
(./document.tex
LaTeX2e <2017-04-15>
Babel <3.10> and hyphenation patterns for 84 language(s) loaded.
(/usr/local/texlive/2017/texmf-dist/tex/latex/base/article.cls
Document Class: article 2014/09/29 v1.4h Standard LaTeX document class
(/usr/local/texlive/2017/texmf-dist/tex/latex/base/size12.clo
File: size12.clo 2014/09/29 v1.4h Standard LaTeX file (size option)
)
\c@part=\count79
\c@section=\count80
\c@subsection=\count81
\c@subsubsection=\count82
\c@paragraph=\count83
\c@subparagraph=\count84
\c@figure=\count85
\c@table=\count86
\abovecaptionskip=\skip41
\belowcaptionskip=\skip42
\bibindent=\dimen102
)
(/usr/local/texlive/2017/texmf-dist/tex/latex/geometry/geometry.sty
Package: geometry 2010/09/12 v5.6 Page Geometry

(/usr/local/texlive/2017/texmf-dist/tex/latex/graphics/keyval.sty
Package: keyval 2014/10/28 v1.15 key=value parser (DPC)
\KV@toks@=\toks14
)
(/usr/local/texlive/2017/texmf-dist/tex/generic/oberdiek/ifpdf.sty
Package: ifpdf 2017/03/15 v3.2 Provides the ifpdf switch
)
(/usr/local/texlive/2017/texmf-dist/tex/generic/oberdiek/ifvtex.sty
Package: ifvtex 2016/05/16 v1.6 Detect VTeX and its facilities (HO)
Package ifvtex Info: VTeX not detected.
)
(/usr/local/texlive/2017/texmf-dist/tex/generic/ifxetex/ifxetex.sty
Package: ifxetex 2010/09/12 v0.6 Provides ifxetex conditional
)
\Gm@cnth=\count87
\Gm@cntv=\count88
\c@Gm@tempcnt=\count89
\Gm@bindingoffset=\dimen103
\Gm@wd@mp=\dimen104
\Gm@odd@mp=\dimen105
\Gm@even@mp=\dimen106
\Gm@layoutwidth=\dimen107
\Gm@layoutheight=\dimen108
\Gm@layouthoffset=\dimen109
\Gm@layoutvoffset=\dimen110
\Gm@dimlist=\toks15
)
(/usr/local/texlive/2017/texmf-dist/tex/latex/amsmath/amsmath.sty
Package: amsmath 2016/11/05 v2.16a AMS math features
\@mathmargin=\skip43

For additional information on amsmath, use the `?' option.
(/usr/local/texlive/2017/texmf-dist/tex/latex/amsmath/amstext.sty
Package: amstext 2000/06/29 v2.01 AMS text

(/usr/local/texlive/2017/texmf-dist/tex/latex/amsmath/amsgen.sty
File: amsgen.sty 1999/11/30 v2.0 generic functions
\@emptytoks=\toks16
\ex@=\dimen111
))
(/usr/local/texlive/2017/texmf-dist/tex/latex/amsmath/amsbsy.sty
Package: amsbsy 1999/11/29 v1.2d Bold Symbols
\pmbraise@=\dimen112
)
(/usr/local/texlive/2017/texmf-dist/tex/latex/amsmath/amsopn.sty
Package: amsopn 2016/03/08 v2.02 operator names
)
\inf@bad=\count90
LaTeX Info: Redefining \frac on input line 213.
\uproot@=\count91
\leftroot@=\count92
LaTeX Info: Redefining \overline on input line 375.
\classnum@=\count93
\DOTSCASE@=\count94
LaTeX Info: Redefining \ldots on input line 472.
LaTeX Info: Redefining \dots on input line 475.
LaTeX Info: Redefining \cdots on input line 596.
\Mathstrutbox@=\box26
\strutbox@=\box27
\big@size=\dimen113
LaTeX Font Info:    Redeclaring font encoding OML on input line 712.
LaTeX Font Info:    Redeclaring font encoding OMS on input line 713.
\macc@depth=\count95
\c@MaxMatrixCols=\count96
\dotsspace@=\muskip10
\c@parentequation=\count97
\dspbrk@lvl=\count98
\tag@help=\toks17
\row@=\count99
\column@=\count100
\maxfields@=\count101
\andhelp@=\toks18
\eqnshift@=\dimen114
\alignsep@=\dimen115
\tagshift@=\dimen116
\tagwidth@=\dimen117
\totwidth@=\dimen118
\lineht@=\dimen119
\@envbody=\toks19
\multlinegap=\skip44
\multlinetaggap=\skip45
\mathdisplay@stack=\toks20
LaTeX Info: Redefining \[ on input line 2817.
LaTeX Info: Redefining \] on input line 2818.
)
(/usr/local/texlive/2017/texmf-dist/tex/latex/amsfonts/amssymb.sty
Package: amssymb 2013/01/14 v3.01 AMS font symbols

(/usr/local/texlive/2017/texmf-dist/tex/latex/amsfonts/amsfonts.sty
Package: amsfonts 2013/01/14 v3.01 Basic AMSFonts support
\symAMSa=\mathgroup4
\symAMSb=\mathgroup5
LaTeX Font Info:    Overwriting math alphabet `\mathfrak' in version `bold'
(Font)                  U/euf/m/n --> U/euf/b/n on input line 106.
))
(/usr/local/texlive/2017/texmf-dist/tex/latex/amscls/amsthm.sty
Package: amsthm 2015/03/04 v2.20.2
\thm@style=\toks21
\thm@bodyfont=\toks22
\thm@headfont=\toks23
\thm@notefont=\toks24
\thm@headpunct=\toks25
\thm@preskip=\skip46
\thm@postskip=\skip47
\thm@headsep=\skip48
\dth@everypar=\toks26
)
(/usr/local/texlive/2017/texmf-dist/tex/latex/graphics/graphicx.sty
Package: graphicx 2014/10/28 v1.0g Enhanced LaTeX Graphics (DPC,SPQR)

(/usr/local/texlive/2017/texmf-dist/tex/latex/graphics/graphics.sty
Package: graphics 2017/04/14 v1.1b Standard LaTeX Graphics (DPC,SPQR)

(/usr/local/texlive/2017/texmf-dist/tex/latex/graphics/trig.sty
Package: trig 2016/01/03 v1.10 sin cos tan (DPC)
)
(/usr/local/texlive/2017/texmf-dist/tex/latex/graphics-cfg/graphics.cfg
File: graphics.cfg 2016/06/04 v1.11 sample graphics configuration
)
Package graphics Info: Driver file: pdftex.def on input line 99.

(/usr/local/texlive/2017/texmf-dist/tex/latex/graphics-def/pdftex.def
File: pdftex.def 2017/01/12 v0.06k Graphics/color for pdfTeX

(/usr/local/texlive/2017/texmf-dist/tex/generic/oberdiek/infwarerr.sty
Package: infwarerr 2016/05/16 v1.4 Providing info/warning/error messages (HO)
)
(/usr/local/texlive/2017/texmf-dist/tex/generic/oberdiek/ltxcmds.sty
Package: ltxcmds 2016/05/16 v1.23 LaTeX kernel commands for general use (HO)
)
\Gread@gobject=\count102
))
\Gin@req@height=\dimen120
\Gin@req@width=\dimen121
)
(/usr/local/texlive/2017/texmf-dist/tex/latex/caption/caption.sty
Package: caption 2016/02/21 v3.3-144 Customizing captions (AR)

(/usr/local/texlive/2017/texmf-dist/tex/latex/caption/caption3.sty
Package: caption3 2016/05/22 v1.7-166 caption3 kernel (AR)
Package caption3 Info: TeX engine: e-TeX on input line 67.
\captionmargin=\dimen122
\captionmargin@=\dimen123
\captionwidth=\dimen124
\caption@tempdima=\dimen125
\caption@indent=\dimen126
\caption@parindent=\dimen127
\caption@hangindent=\dimen128
)
\c@ContinuedFloat=\count103
)
(/usr/local/texlive/2017/texmf-dist/tex/latex/caption/subcaption.sty
Package: subcaption 2016/05/22 v1.1-161 Sub-captions (AR)
\c@subfigure=\count104
\c@subtable=\count105
)
(/usr/local/texlive/2017/texmf-dist/tex/latex/url/url.sty
\Urlmuskip=\muskip11
Package: url 2013/09/16  ver 3.4  Verb mode for urls, etc.
)
(/usr/local/texlive/2017/texmf-dist/tex/latex/jknapltx/mathrsfs.sty
Package: mathrsfs 1996/01/01 Math RSFS package v1.0 (jk)
\symrsfs=\mathgroup6
)
\c@theorem=\count106
\c@notation=\count107
\c@claim=\count108
\c@lemma=\count109
\c@definition=\count110

(./document.aux)
\openout1 = `document.aux'.

LaTeX Font Info:    Checking defaults for OML/cmm/m/it on input line 18.
LaTeX Font Info:    ... okay on input line 18.
LaTeX Font Info:    Checking defaults for T1/cmr/m/n on input line 18.
LaTeX Font Info:    ... okay on input line 18.
LaTeX Font Info:    Checking defaults for OT1/cmr/m/n on input line 18.
LaTeX Font Info:    ... okay on input line 18.
LaTeX Font Info:    Checking defaults for OMS/cmsy/m/n on input line 18.
LaTeX Font Info:    ... okay on input line 18.
LaTeX Font Info:    Checking defaults for OMX/cmex/m/n on input line 18.
LaTeX Font Info:    ... okay on input line 18.
LaTeX Font Info:    Checking defaults for U/cmr/m/n on input line 18.
LaTeX Font Info:    ... okay on input line 18.

*geometry* driver: auto-detecting
*geometry* detected driver: pdftex
*geometry* verbose mode - [ preamble ] result:
* driver: pdftex
* paper: <default>
* layout: <same size as paper>
* layoutoffset:(h,v)=(0.0pt,0.0pt)
* modes: 
* h-part:(L,W,R)=(72.26999pt, 469.75502pt, 72.26999pt)
* v-part:(T,H,B)=(72.26999pt, 650.43001pt, 72.26999pt)
* \paperwidth=614.295pt
* \paperheight=794.96999pt
* \textwidth=469.75502pt
* \textheight=650.43001pt
* \oddsidemargin=0.0pt
* \evensidemargin=0.0pt
* \topmargin=-37.0pt
* \headheight=12.0pt
* \headsep=25.0pt
* \topskip=12.0pt
* \footskip=30.0pt
* \marginparwidth=44.0pt
* \marginparsep=10.0pt
* \columnsep=10.0pt
* \skip\footins=10.8pt plus 4.0pt minus 2.0pt
* \hoffset=0.0pt
* \voffset=0.0pt
* \mag=1000
* \@twocolumnfalse
* \@twosidefalse
* \@mparswitchfalse
* \@reversemarginfalse
* (1in=72.27pt=25.4mm, 1cm=28.453pt)

(/usr/local/texlive/2017/texmf-dist/tex/context/base/mkii/supp-pdf.mkii
[Loading MPS to PDF converter (version 2006.09.02).]
\scratchcounter=\count111
\scratchdimen=\dimen129
\scratchbox=\box28
\nofMPsegments=\count112
\nofMParguments=\count113
\everyMPshowfont=\toks27
\MPscratchCnt=\count114
\MPscratchDim=\dimen130
\MPnumerator=\count115
\makeMPintoPDFobject=\count116
\everyMPtoPDFconversion=\toks28
) (/usr/local/texlive/2017/texmf-dist/tex/generic/oberdiek/pdftexcmds.sty
Package: pdftexcmds 2017/03/19 v0.25 Utility functions of pdfTeX for LuaTeX (HO
)

(/usr/local/texlive/2017/texmf-dist/tex/generic/oberdiek/ifluatex.sty
Package: ifluatex 2016/05/16 v1.4 Provides the ifluatex switch (HO)
Package ifluatex Info: LuaTeX not detected.
)
Package pdftexcmds Info: LuaTeX not detected.
Package pdftexcmds Info: \pdf@primitive is available.
Package pdftexcmds Info: \pdf@ifprimitive is available.
Package pdftexcmds Info: \pdfdraftmode found.
)
(/usr/local/texlive/2017/texmf-dist/tex/latex/oberdiek/epstopdf-base.sty
Package: epstopdf-base 2016/05/15 v2.6 Base part for package epstopdf

(/usr/local/texlive/2017/texmf-dist/tex/latex/oberdiek/grfext.sty
Package: grfext 2016/05/16 v1.2 Manage graphics extensions (HO)

(/usr/local/texlive/2017/texmf-dist/tex/generic/oberdiek/kvdefinekeys.sty
Package: kvdefinekeys 2016/05/16 v1.4 Define keys (HO)
))
(/usr/local/texlive/2017/texmf-dist/tex/latex/oberdiek/kvoptions.sty
Package: kvoptions 2016/05/16 v3.12 Key value format for package options (HO)

(/usr/local/texlive/2017/texmf-dist/tex/generic/oberdiek/kvsetkeys.sty
Package: kvsetkeys 2016/05/16 v1.17 Key value parser (HO)

(/usr/local/texlive/2017/texmf-dist/tex/generic/oberdiek/etexcmds.sty
Package: etexcmds 2016/05/16 v1.6 Avoid name clashes with e-TeX commands (HO)
Package etexcmds Info: Could not find \expanded.
(etexcmds)             That can mean that you are not using pdfTeX 1.50 or
(etexcmds)             that some package has redefined \expanded.
(etexcmds)             In the latter case, load this package earlier.
)))
Package epstopdf-base Info: Redefining graphics rule for `.eps' on input line 4
38.
Package grfext Info: Graphics extension search list:
(grfext)             [.png,.pdf,.jpg,.mps,.jpeg,.jbig2,.jb2,.PNG,.PDF,.JPG,.JPE
G,.JBIG2,.JB2,.eps]
(grfext)             \AppendGraphicsExtensions on input line 456.

(/usr/local/texlive/2017/texmf-dist/tex/latex/latexconfig/epstopdf-sys.cfg
File: epstopdf-sys.cfg 2010/07/13 v1.3 Configuration of (r)epstopdf for TeX Liv
e
))
Package caption Info: Begin \AtBeginDocument code.
Package caption Info: End \AtBeginDocument code.

Underfull \hbox (badness 10000) in paragraph at lines 23--24

 []

LaTeX Font Info:    Try loading font information for U+msa on input line 25.
(/usr/local/texlive/2017/texmf-dist/tex/latex/amsfonts/umsa.fd
File: umsa.fd 2013/01/14 v3.01 AMS symbols A
)
LaTeX Font Info:    Try loading font information for U+msb on input line 25.

(/usr/local/texlive/2017/texmf-dist/tex/latex/amsfonts/umsb.fd
File: umsb.fd 2013/01/14 v3.01 AMS symbols B
)
LaTeX Font Info:    Try loading font information for U+rsfs on input line 25.

(/usr/local/texlive/2017/texmf-dist/tex/latex/jknapltx/ursfs.fd
File: ursfs.fd 1998/03/24 rsfs font definition file (jk)
)
<Haar_space_domain.png, id=1, 462.528pt x 346.896pt>
File: Haar_space_domain.png Graphic file (type png)

<use Haar_space_domain.png>
Package pdftex.def Info: Haar_space_domain.png used on input line 34.
(pdftex.def)             Requested size: 185.0079pt x 138.75594pt.

<freq_domain_numpy_full.png, id=3, 462.528pt x 346.896pt>
File: freq_domain_numpy_full.png Graphic file (type png)

<use freq_domain_numpy_full.png>
Package pdftex.def Info: freq_domain_numpy_full.png used on input line 44.
(pdftex.def)             Requested size: 187.89914pt x 140.92615pt.

<freq_domain_numpy_nonshift.png, id=4, 462.528pt x 346.896pt>
File: freq_domain_numpy_nonshift.png Graphic file (type png)

<use freq_domain_numpy_nonshift.png>
Package pdftex.def Info: freq_domain_numpy_nonshift.png used on input line 49.
(pdftex.def)             Requested size: 187.89914pt x 140.92615pt.

<freq_domain_fftw.png, id=5, 462.528pt x 346.896pt>
File: freq_domain_fftw.png Graphic file (type png)
 <use freq_domain_fftw.png>
Package pdftex.def Info: freq_domain_fftw.png used on input line 60.
(pdftex.def)             Requested size: 187.89914pt x 140.92615pt.

<freq_domain_fftw-zoom.png, id=6, 462.528pt x 346.896pt>
File: freq_domain_fftw-zoom.png Graphic file (type png)

<use freq_domain_fftw-zoom.png>
Package pdftex.def Info: freq_domain_fftw-zoom.png used on input line 65.
(pdftex.def)             Requested size: 187.89914pt x 140.92615pt.

Underfull \hbox (badness 10000) in paragraph at lines 38--70

 []


Underfull \hbox (badness 10000) in paragraph at lines 38--70

 []


LaTeX Warning: `h' float specifier changed to `ht'.


LaTeX Warning: `h' float specifier changed to `ht'.


Underfull \hbox (badness 10000) in paragraph at lines 71--73

 []


Underfull \hbox (badness 10000) in paragraph at lines 71--73

 []

<timediff.png, id=7, 420.57124pt x 64.24pt>
File: timediff.png Graphic file (type png)
 <use timediff.png>
Package pdftex.def Info: timediff.png used on input line 77.
(pdftex.def)             Requested size: 168.22551pt x 25.69554pt.
 [1

{/usr/local/texlive/2017/texmf-var/fonts/map/pdftex/updmap/pdftex.map} <./Haar_
space_domain.png>] <freq_domain_numpy_final_nozoom.png, id=23, 462.528pt x 346.
896pt>
File: freq_domain_numpy_final_nozoom.png Graphic file (type png)

<use freq_domain_numpy_final_nozoom.png>
Package pdftex.def Info: freq_domain_numpy_final_nozoom.png used on input line 
86.
(pdftex.def)             Requested size: 187.89914pt x 140.92615pt.

<freq_domain_numpy_final_zoom.png, id=24, 462.528pt x 346.896pt>
File: freq_domain_numpy_final_zoom.png Graphic file (type png)

<use freq_domain_numpy_final_zoom.png>
Package pdftex.def Info: freq_domain_numpy_final_zoom.png used on input line 91
.
(pdftex.def)             Requested size: 187.89914pt x 140.92615pt.

Underfull \hbox (badness 10000) in paragraph at lines 81--97

 []


Underfull \hbox (badness 10000) in paragraph at lines 81--97

 []


Underfull \hbox (badness 10000) in paragraph at lines 81--97

 []


LaTeX Warning: `h' float specifier changed to `ht'.

[2 <./freq_domain_numpy_full.png> <./freq_domain_numpy_nonshift.png> <./freq_do
main_fftw.png> <./freq_domain_fftw-zoom.png> <./timediff.png>]
<magnitudes.png, id=34, 462.528pt x 346.896pt>
File: magnitudes.png Graphic file (type png)
 <use magnitudes.png>
Package pdftex.def Info: magnitudes.png used on input line 100.
(pdftex.def)             Requested size: 185.0079pt x 138.75594pt.
 [3 <./freq_domain_numpy_final_nozoom.png> <./freq_domain_numpy_final_zoom.png>
 <./magnitudes.png>] <2/space_domain-sinecardinal.png, id=41, 462.528pt x 346.8
96pt>
File: 2/space_domain-sinecardinal.png Graphic file (type png)

<use 2/space_domain-sinecardinal.png>
Package pdftex.def Info: 2/space_domain-sinecardinal.png used on input line 114
.
(pdftex.def)             Requested size: 185.0079pt x 138.75594pt.

<2/freq_domain_absolute_value_-_np-fft-sinecardinal.png, id=42, 462.528pt x 346
.896pt>
File: 2/freq_domain_absolute_value_-_np-fft-sinecardinal.png Graphic file (type
 png)
 <use 2/freq_domain_absolute_value_-_np-fft-sinecardinal.png>
Package pdftex.def Info: 2/freq_domain_absolute_value_-_np-fft-sinecardinal.png
 used on input line 123.
(pdftex.def)             Requested size: 187.89914pt x 140.92615pt.

<2/freq_domain_absolute_value_-_np-fft-sinecardinalzoom.png, id=43, 462.528pt x
 346.896pt>
File: 2/freq_domain_absolute_value_-_np-fft-sinecardinalzoom.png Graphic file (
type png)
 <use 2/freq_domain_absolute_value_-_np-fft-sinecardinalzoom.png>
Package pdftex.def Info: 2/freq_domain_absolute_value_-_np-fft-sinecardinalzoom
.png used on input line 128.
(pdftex.def)             Requested size: 187.89914pt x 140.92615pt.

<2/freq_domain_absolute_value_-_fftw-sinecardinal.png, id=44, 462.528pt x 346.8
96pt>
File: 2/freq_domain_absolute_value_-_fftw-sinecardinal.png Graphic file (type p
ng)
 <use 2/freq_domain_absolute_value_-_fftw-sinecardinal.png>
Package pdftex.def Info: 2/freq_domain_absolute_value_-_fftw-sinecardinal.png u
sed on input line 135.
(pdftex.def)             Requested size: 187.89914pt x 140.92615pt.

<2/freq_domain_absolute_value_-_fftw-sinecardinalzoom.png, id=45, 462.528pt x 3
46.896pt>
File: 2/freq_domain_absolute_value_-_fftw-sinecardinalzoom.png Graphic file (ty
pe png)
 <use 2/freq_domain_absolute_value_-_fftw-sinecardinalzoom.png>
Package pdftex.def Info: 2/freq_domain_absolute_value_-_fftw-sinecardinalzoom.p
ng used on input line 140.
(pdftex.def)             Requested size: 187.89914pt x 140.92615pt.

<2/timediff.png, id=46, 315.1775pt x 95.35625pt>
File: 2/timediff.png Graphic file (type png)
 <use 2/timediff.png>
Package pdftex.def Info: 2/timediff.png used on input line 148.
(pdftex.def)             Requested size: 126.06876pt x 38.14182pt.

Underfull \hbox (badness 10000) in paragraph at lines 118--152

 []


Underfull \hbox (badness 10000) in paragraph at lines 118--152

 []


LaTeX Warning: `h' float specifier changed to `ht'.


LaTeX Warning: `h' float specifier changed to `ht'.

[4 <./2/space_domain-sinecardinal.png>] [5 <./2/freq_domain_absolute_value_-_np
-fft-sinecardinal.png> <./2/freq_domain_absolute_value_-_np-fft-sinecardinalzoo
m.png> <./2/freq_domain_absolute_value_-_fftw-sinecardinal.png> <./2/freq_domai
n_absolute_value_-_fftw-sinecardinalzoom.png> <./2/timediff.png>]
(./document.aux) ) 
Here is how much of TeX's memory you used:
 4262 strings out of 492995
 64351 string characters out of 6132704
 133922 words of memory out of 5000000
 7739 multiletter control sequences out of 15000+600000
 11273 words of font info for 47 fonts, out of 8000000 for 9000
 1141 hyphenation exceptions out of 8191
 39i,9n,39p,1144b,458s stack positions out of 5000i,500n,10000p,200000b,80000s
</usr/local/texlive/2017/texmf-dist/fonts/type1/public/amsfon
ts/cm/cmex10.pfb></usr/local/texlive/2017/texmf-dist/fonts/type1/public/amsfont
s/cm/cmmi10.pfb></usr/local/texlive/2017/texmf-dist/fonts/type1/public/amsfonts
/cm/cmmi12.pfb></usr/local/texlive/2017/texmf-dist/fonts/type1/public/amsfonts/
cm/cmmi7.pfb></usr/local/texlive/2017/texmf-dist/fonts/type1/public/amsfonts/cm
/cmmi8.pfb></usr/local/texlive/2017/texmf-dist/fonts/type1/public/amsfonts/cm/c
mr10.pfb></usr/local/texlive/2017/texmf-dist/fonts/type1/public/amsfonts/cm/cmr
12.pfb></usr/local/texlive/2017/texmf-dist/fonts/type1/public/amsfonts/cm/cmr7.
pfb></usr/local/texlive/2017/texmf-dist/fonts/type1/public/amsfonts/cm/cmr8.pfb
></usr/local/texlive/2017/texmf-dist/fonts/type1/public/amsfonts/cm/cmsy10.pfb>
</usr/local/texlive/2017/texmf-dist/fonts/type1/public/amsfonts/cm/cmsy8.pfb>
Output written on document.pdf (5 pages, 462984 bytes).
PDF statistics:
 95 PDF objects out of 1000 (max. 8388607)
 46 compressed objects within 1 object stream
 0 named destinations out of 1000 (max. 500000)
 76 words of extra memory for PDF output out of 10000 (max. 10000000)

