This is pdfTeX, Version 3.14159265-2.6-1.40.20 (MiKTeX 2.9.7250 64-bit) (preloaded format=pdflatex 2019.11.28)  5 DEC 2019 00:51
entering extended mode
**./document.tex
(document.tex
LaTeX2e <2019-10-01> patch level 3
("C:\Users\ab251\AppData\Local\Programs\MiKTeX 2.9\tex/latex/base\article.cls"
Document Class: article 2019/10/25 v1.4k Standard LaTeX document class
("C:\Users\ab251\AppData\Local\Programs\MiKTeX 2.9\tex/latex/base\size12.clo"
File: size12.clo 2019/10/25 v1.4k Standard LaTeX file (size option)
)
\c@part=\count80
\c@section=\count81
\c@subsection=\count82
\c@subsubsection=\count83
\c@paragraph=\count84
\c@subparagraph=\count85
\c@figure=\count86
\c@table=\count87
\abovecaptionskip=\skip41
\belowcaptionskip=\skip42
\bibindent=\dimen102
)
("C:\Users\ab251\AppData\Local\Programs\MiKTeX 2.9\tex/latex/geometry-de\geomet
ry.sty"
Package: geometry 2010/09/12 v5.6 Page Geometry

("C:\Users\ab251\AppData\Local\Programs\MiKTeX 2.9\tex/latex/graphics\keyval.st
y"
Package: keyval 2014/10/28 v1.15 key=value parser (DPC)
\KV@toks@=\toks14
)
("C:\Users\ab251\AppData\Local\Programs\MiKTeX 2.9\tex/generic/iftex\ifpdf.sty"
Package: ifpdf 2019/10/25 v3.4 ifpdf legacy package. Use iftex instead.
("C:\Users\ab251\AppData\Local\Programs\MiKTeX 2.9\tex/generic/iftex\iftex.sty"
Package: iftex 2019/11/07 v1.0c TeX engine tests
))
("C:\Users\ab251\AppData\Local\Programs\MiKTeX 2.9\tex/generic/iftex\ifvtex.sty
"
Package: ifvtex 2019/10/25 v1.7 ifvtex legacy package. Use iftex instead.
)
("C:\Users\ab251\AppData\Local\Programs\MiKTeX 2.9\tex/generic/iftex\ifxetex.st
y"
Package: ifxetex 2019/10/25 v0.7 ifxetex legacy package. Use iftex instead.
)
\Gm@cnth=\count88
\Gm@cntv=\count89
\c@Gm@tempcnt=\count90
\Gm@bindingoffset=\dimen103
\Gm@wd@mp=\dimen104
\Gm@odd@mp=\dimen105
\Gm@even@mp=\dimen106
\Gm@layoutwidth=\dimen107
\Gm@layoutheight=\dimen108
\Gm@layouthoffset=\dimen109
\Gm@layoutvoffset=\dimen110
\Gm@dimlist=\toks15

("C:\Users\ab251\AppData\Local\Programs\MiKTeX 2.9\tex/latex/geometry\geometry.
cfg"))
("C:\Users\ab251\AppData\Local\Programs\MiKTeX 2.9\tex/latex/amsmath\amsmath.st
y"
Package: amsmath 2019/11/16 v2.17d AMS math features
\@mathmargin=\skip43

For additional information on amsmath, use the `?' option.

("C:\Users\ab251\AppData\Local\Programs\MiKTeX 2.9\tex/latex/amsmath\amstext.st
y"
Package: amstext 2000/06/29 v2.01 AMS text

("C:\Users\ab251\AppData\Local\Programs\MiKTeX 2.9\tex/latex/amsmath\amsgen.sty
"
File: amsgen.sty 1999/11/30 v2.0 generic functions
\@emptytoks=\toks16
\ex@=\dimen111
))
("C:\Users\ab251\AppData\Local\Programs\MiKTeX 2.9\tex/latex/amsmath\amsbsy.sty
"
Package: amsbsy 1999/11/29 v1.2d Bold Symbols
\pmbraise@=\dimen112
)
("C:\Users\ab251\AppData\Local\Programs\MiKTeX 2.9\tex/latex/amsmath\amsopn.sty
"
Package: amsopn 2016/03/08 v2.02 operator names
)
\inf@bad=\count91
LaTeX Info: Redefining \frac on input line 227.
\uproot@=\count92
\leftroot@=\count93
LaTeX Info: Redefining \overline on input line 389.
\classnum@=\count94
\DOTSCASE@=\count95
LaTeX Info: Redefining \ldots on input line 486.
LaTeX Info: Redefining \dots on input line 489.
LaTeX Info: Redefining \cdots on input line 610.
\Mathstrutbox@=\box27
\strutbox@=\box28
\big@size=\dimen113
LaTeX Font Info:    Redeclaring font encoding OML on input line 733.
LaTeX Font Info:    Redeclaring font encoding OMS on input line 734.
\macc@depth=\count96
\c@MaxMatrixCols=\count97
\dotsspace@=\muskip10
\c@parentequation=\count98
\dspbrk@lvl=\count99
\tag@help=\toks17
\row@=\count100
\column@=\count101
\maxfields@=\count102
\andhelp@=\toks18
\eqnshift@=\dimen114
\alignsep@=\dimen115
\tagshift@=\dimen116
\tagwidth@=\dimen117
\totwidth@=\dimen118
\lineht@=\dimen119
\@envbody=\toks19
\multlinegap=\skip44
\multlinetaggap=\skip45
\mathdisplay@stack=\toks20
LaTeX Info: Redefining \[ on input line 2858.
LaTeX Info: Redefining \] on input line 2859.
)
("C:\Users\ab251\AppData\Local\Programs\MiKTeX 2.9\tex/latex/amsfonts\amssymb.s
ty"
Package: amssymb 2013/01/14 v3.01 AMS font symbols

("C:\Users\ab251\AppData\Local\Programs\MiKTeX 2.9\tex/latex/amsfonts\amsfonts.
sty"
Package: amsfonts 2013/01/14 v3.01 Basic AMSFonts support
\symAMSa=\mathgroup4
\symAMSb=\mathgroup5
LaTeX Font Info:    Redeclaring math symbol \hbar on input line 98.
LaTeX Font Info:    Overwriting math alphabet `\mathfrak' in version `bold'
(Font)                  U/euf/m/n --> U/euf/b/n on input line 106.
))
("C:\Users\ab251\AppData\Local\Programs\MiKTeX 2.9\tex/latex/amscls\amsthm.sty"
Package: amsthm 2017/10/31 v2.20.4
\thm@style=\toks21
\thm@bodyfont=\toks22
\thm@headfont=\toks23
\thm@notefont=\toks24
\thm@headpunct=\toks25
\thm@preskip=\skip46
\thm@postskip=\skip47
\thm@headsep=\skip48
\dth@everypar=\toks26
)
("C:\Users\ab251\AppData\Local\Programs\MiKTeX 2.9\tex/latex/caption\caption.st
y"
Package: caption 2019/10/18 v3.4a Customizing captions (AR)

("C:\Users\ab251\AppData\Local\Programs\MiKTeX 2.9\tex/latex/caption\caption3.s
ty"
Package: caption3 2019/09/09 v1.8e caption3 kernel (AR)
Package caption3 Info: TeX engine: e-TeX on input line 64.
\captionmargin=\dimen120
\captionmargin@=\dimen121
\captionwidth=\dimen122
\caption@tempdima=\dimen123
\caption@indent=\dimen124
\caption@parindent=\dimen125
\caption@hangindent=\dimen126
Package caption Info: Standard document class detected.
)
\c@caption@flags=\count103
\c@continuedfloat=\count104
)
("C:\Users\ab251\AppData\Local\Programs\MiKTeX 2.9\tex/latex/caption\subcaption
.sty"
Package: subcaption 2019/09/01 v1.3a Sub-captions (AR)
\c@subfigure=\count105
\c@subtable=\count106
)
("C:\Users\ab251\AppData\Local\Programs\MiKTeX 2.9\tex/latex/graphics\graphicx.
sty"
Package: graphicx 2017/06/01 v1.1a Enhanced LaTeX Graphics (DPC,SPQR)

("C:\Users\ab251\AppData\Local\Programs\MiKTeX 2.9\tex/latex/graphics\graphics.
sty"
Package: graphics 2019/11/01 v1.3d Standard LaTeX Graphics (DPC,SPQR)

("C:\Users\ab251\AppData\Local\Programs\MiKTeX 2.9\tex/latex/graphics\trig.sty"
Package: trig 2016/01/03 v1.10 sin cos tan (DPC)
)
("C:\Users\ab251\AppData\Local\Programs\MiKTeX 2.9\tex/latex/graphics-cfg\graph
ics.cfg"
File: graphics.cfg 2016/06/04 v1.11 sample graphics configuration
)
Package graphics Info: Driver file: pdftex.def on input line 105.

("C:\Users\ab251\AppData\Local\Programs\MiKTeX 2.9\tex/latex/graphics-def\pdfte
x.def"
File: pdftex.def 2018/01/08 v1.0l Graphics/color driver for pdftex
))
\Gin@req@height=\dimen127
\Gin@req@width=\dimen128
)
("C:\Users\ab251\AppData\Local\Programs\MiKTeX 2.9\tex/latex/url\url.sty"
\Urlmuskip=\muskip11
Package: url 2013/09/16  ver 3.4  Verb mode for urls, etc.
)
("C:\Users\ab251\AppData\Local\Programs\MiKTeX 2.9\tex/latex/jknappen\mathrsfs.
sty"
Package: mathrsfs 1996/01/01 Math RSFS package v1.0 (jk)
\symrsfs=\mathgroup6
)
\c@theorem=\count107
\c@notation=\count108
\c@claim=\count109
\c@lemma=\count110
\c@definition=\count111

("C:\Users\ab251\AppData\Local\Programs\MiKTeX 2.9\tex/latex/base\inputenc.sty"
Package: inputenc 2018/08/11 v1.3c Input encoding file
\inpenc@prehook=\toks27
\inpenc@posthook=\toks28
)
("C:\Users\ab251\AppData\Local\Programs\MiKTeX 2.9\tex/latex/listings\listings.
sty"
\lst@mode=\count112
\lst@gtempboxa=\box29
\lst@token=\toks29
\lst@length=\count113
\lst@currlwidth=\dimen129
\lst@column=\count114
\lst@pos=\count115
\lst@lostspace=\dimen130
\lst@width=\dimen131
\lst@newlines=\count116
\lst@lineno=\count117
\lst@maxwidth=\dimen132

("C:\Users\ab251\AppData\Local\Programs\MiKTeX 2.9\tex/latex/listings\lstmisc.s
ty"
File: lstmisc.sty 2019/09/10 1.8c (Carsten Heinz)
\c@lstnumber=\count118
\lst@skipnumbers=\count119
\lst@framebox=\box30
)
("C:\Users\ab251\AppData\Local\Programs\MiKTeX 2.9\tex/latex/listings\listings.
cfg"
File: listings.cfg 2019/09/10 1.8c listings configuration
))
Package: listings 2019/09/10 1.8c (Carsten Heinz)

("C:\Users\ab251\AppData\Local\Programs\MiKTeX 2.9\tex/latex/xcolor\xcolor.sty"
Package: xcolor 2016/05/11 v2.12 LaTeX color extensions (UK)

("C:\Users\ab251\AppData\Local\Programs\MiKTeX 2.9\tex/latex/graphics-cfg\color
.cfg"
File: color.cfg 2016/01/02 v1.6 sample color configuration
)
Package xcolor Info: Driver file: pdftex.def on input line 225.
Package xcolor Info: Model `cmy' substituted by `cmy0' on input line 1348.
Package xcolor Info: Model `hsb' substituted by `rgb' on input line 1352.
Package xcolor Info: Model `RGB' extended on input line 1364.
Package xcolor Info: Model `HTML' substituted by `rgb' on input line 1366.
Package xcolor Info: Model `Hsb' substituted by `hsb' on input line 1367.
Package xcolor Info: Model `tHsb' substituted by `hsb' on input line 1368.
Package xcolor Info: Model `HSB' substituted by `hsb' on input line 1369.
Package xcolor Info: Model `Gray' substituted by `gray' on input line 1370.
Package xcolor Info: Model `wave' substituted by `hsb' on input line 1371.
) (document.aux)
\openout1 = `document.aux'.

LaTeX Font Info:    Checking defaults for OML/cmm/m/it on input line 50.
LaTeX Font Info:    ... okay on input line 50.
LaTeX Font Info:    Checking defaults for T1/cmr/m/n on input line 50.
LaTeX Font Info:    ... okay on input line 50.
LaTeX Font Info:    Checking defaults for OT1/cmr/m/n on input line 50.
LaTeX Font Info:    ... okay on input line 50.
LaTeX Font Info:    Checking defaults for OMS/cmsy/m/n on input line 50.
LaTeX Font Info:    ... okay on input line 50.
LaTeX Font Info:    Checking defaults for OMX/cmex/m/n on input line 50.
LaTeX Font Info:    ... okay on input line 50.
LaTeX Font Info:    Checking defaults for U/cmr/m/n on input line 50.
LaTeX Font Info:    ... okay on input line 50.

*geometry* driver: auto-detecting
*geometry* detected driver: pdftex
*geometry* verbose mode - [ preamble ] result:
* driver: pdftex
* paper: <default>
* layout: <same size as paper>
* layoutoffset:(h,v)=(0.0pt,0.0pt)
* modes: 
* h-part:(L,W,R)=(72.26999pt, 469.75502pt, 72.26999pt)
* v-part:(T,H,B)=(72.26999pt, 650.43001pt, 72.26999pt)
* \paperwidth=614.295pt
* \paperheight=794.96999pt
* \textwidth=469.75502pt
* \textheight=650.43001pt
* \oddsidemargin=0.0pt
* \evensidemargin=0.0pt
* \topmargin=-37.0pt
* \headheight=12.0pt
* \headsep=25.0pt
* \topskip=12.0pt
* \footskip=30.0pt
* \marginparwidth=44.0pt
* \marginparsep=10.0pt
* \columnsep=10.0pt
* \skip\footins=10.8pt plus 4.0pt minus 2.0pt
* \hoffset=0.0pt
* \voffset=0.0pt
* \mag=1000
* \@twocolumnfalse
* \@twosidefalse
* \@mparswitchfalse
* \@reversemarginfalse
* (1in=72.27pt=25.4mm, 1cm=28.453pt)

Package caption Info: Begin \AtBeginDocument code.
Package caption Info: listings package is loaded.
Package caption Info: End \AtBeginDocument code.

("C:\Users\ab251\AppData\Local\Programs\MiKTeX 2.9\tex/context/base/mkii\supp-p
df.mkii"
[Loading MPS to PDF converter (version 2006.09.02).]
\scratchcounter=\count120
\scratchdimen=\dimen133
\scratchbox=\box31
\nofMPsegments=\count121
\nofMParguments=\count122
\everyMPshowfont=\toks30
\MPscratchCnt=\count123
\MPscratchDim=\dimen134
\MPnumerator=\count124
\makeMPintoPDFobject=\count125
\everyMPtoPDFconversion=\toks31
)
("C:\Users\ab251\AppData\Local\Programs\MiKTeX 2.9\tex/latex/epstopdf-pkg\epsto
pdf-base.sty"
Package: epstopdf-base 2019/11/24 v2.7 Base part for package epstopdf

("C:\Users\ab251\AppData\Local\Programs\MiKTeX 2.9\tex/generic/oberdiek\infware
rr.sty"
Package: infwarerr 2016/05/16 v1.4 Providing info/warning/error messages (HO)
)
("C:\Users\ab251\AppData\Local\Programs\MiKTeX 2.9\tex/latex/oberdiek\grfext.st
y"
Package: grfext 2016/05/16 v1.2 Manage graphics extensions (HO)

("C:\Users\ab251\AppData\Local\Programs\MiKTeX 2.9\tex/generic/oberdiek\kvdefin
ekeys.sty"
Package: kvdefinekeys 2016/05/16 v1.4 Define keys (HO)

("C:\Users\ab251\AppData\Local\Programs\MiKTeX 2.9\tex/generic/oberdiek\ltxcmds
.sty"
Package: ltxcmds 2016/05/16 v1.23 LaTeX kernel commands for general use (HO)
)))
("C:\Users\ab251\AppData\Local\Programs\MiKTeX 2.9\tex/latex/oberdiek\kvoptions
.sty"
Package: kvoptions 2016/05/16 v3.12 Key value format for package options (HO)

("C:\Users\ab251\AppData\Local\Programs\MiKTeX 2.9\tex/generic/oberdiek\kvsetke
ys.sty"
Package: kvsetkeys 2016/05/16 v1.17 Key value parser (HO)

("C:\Users\ab251\AppData\Local\Programs\MiKTeX 2.9\tex/generic/oberdiek\etexcmd
s.sty"
Package: etexcmds 2016/05/16 v1.6 Avoid name clashes with e-TeX commands (HO)

("C:\Users\ab251\AppData\Local\Programs\MiKTeX 2.9\tex/generic/iftex\ifluatex.s
ty"
Package: ifluatex 2019/10/25 v1.5 ifluatex legacy package. Use iftex instead.
))))
("C:\Users\ab251\AppData\Local\Programs\MiKTeX 2.9\tex/latex/pdftexcmds\pdftexc
mds.sty"
Package: pdftexcmds 2019/11/24 v0.31 Utility functions of pdfTeX for LuaTeX (HO
)
Package pdftexcmds Info: \pdf@primitive is available.
Package pdftexcmds Info: \pdf@ifprimitive is available.
Package pdftexcmds Info: \pdfdraftmode found.
)
Package epstopdf-base Info: Redefining graphics rule for `.eps' on input line 4
42.
Package grfext Info: Graphics extension search list:
(grfext)             [.pdf,.png,.jpg,.mps,.jpeg,.jbig2,.jb2,.PDF,.PNG,.JPG,.JPE
G,.JBIG2,.JB2,.eps]
(grfext)             \AppendGraphicsExtensions on input line 460.
)
\c@lstlisting=\count126

Underfull \hbox (badness 10000) in paragraph at lines 55--56

 []

LaTeX Font Info:    Trying to load font information for U+msa on input line 58.

("C:\Users\ab251\AppData\Local\Programs\MiKTeX 2.9\tex/latex/amsfonts\umsa.fd"
File: umsa.fd 2013/01/14 v3.01 AMS symbols A
)
LaTeX Font Info:    Trying to load font information for U+msb on input line 58.

("C:\Users\ab251\AppData\Local\Programs\MiKTeX 2.9\tex/latex/amsfonts\umsb.fd"
File: umsb.fd 2013/01/14 v3.01 AMS symbols B
)
LaTeX Font Info:    Trying to load font information for U+rsfs on input line 58
.
("C:\Users\ab251\AppData\Local\Programs\MiKTeX 2.9\tex/latex/jknappen\ursfs.fd"
File: ursfs.fd 1998/03/24 rsfs font definition file (jk)
)
Underfull \hbox (badness 10000) in paragraph at lines 57--60

 []


Underfull \hbox (badness 10000) in paragraph at lines 57--60

 []


Underfull \hbox (badness 10000) in paragraph at lines 57--60

 []


Underfull \hbox (badness 10000) in paragraph at lines 57--60

 []

[1

{C:/Users/ab251/AppData/Local/MiKTeX/2.9/pdftex/config/pdftex.map}]
<roet0.png, id=8, 859.21pt x 794.97pt>
File: roet0.png Graphic file (type png)
<use roet0.png>
Package pdftex.def Info: roet0.png  used on input line 66.
(pdftex.def)             Requested size: 211.38832pt x 195.57602pt.
<hllct0.png, id=10, 898.35625pt x 767.86874pt>
File: hllct0.png Graphic file (type png)
<use hllct0.png>
Package pdftex.def Info: hllct0.png  used on input line 71.
(pdftex.def)             Requested size: 211.38832pt x 180.6835pt.
<roet1.png, id=11, 861.2175pt x 794.97pt>
File: roet1.png Graphic file (type png)
<use roet1.png>
Package pdftex.def Info: roet1.png  used on input line 79.
(pdftex.def)             Requested size: 211.38832pt x 195.1272pt.
<hllct1.png, id=12, 899.36pt x 768.8725pt>
File: hllct1.png Graphic file (type png)
<use hllct1.png>
Package pdftex.def Info: hllct1.png  used on input line 84.
(pdftex.def)             Requested size: 211.38832pt x 180.72026pt.
<roet3.png, id=13, 863.225pt x 793.96625pt>
File: roet3.png Graphic file (type png)
<use roet3.png>
Package pdftex.def Info: roet3.png  used on input line 92.
(pdftex.def)             Requested size: 211.38832pt x 194.42046pt.
<hllct3.png, id=14, 896.34875pt x 765.86125pt>
File: hllct3.png Graphic file (type png)
<use hllct3.png>
Package pdftex.def Info: hllct3.png  used on input line 97.
(pdftex.def)             Requested size: 211.38832pt x 180.60846pt.
<roet4.png, id=15, 863.225pt x 789.95125pt>
File: roet4.png Graphic file (type png)
<use roet4.png>
Package pdftex.def Info: roet4.png  used on input line 105.
(pdftex.def)             Requested size: 211.38832pt x 193.43729pt.
<hllct4.png, id=16, 894.34125pt x 767.86874pt>
File: hllct4.png Graphic file (type png)
<use hllct4.png>
Package pdftex.def Info: hllct4.png  used on input line 110.
(pdftex.def)             Requested size: 211.38832pt x 181.49196pt.
<roet5.png, id=17, 859.21pt x 794.97pt>
File: roet5.png Graphic file (type png)
<use roet5.png>
Package pdftex.def Info: roet5.png  used on input line 118.
(pdftex.def)             Requested size: 211.38832pt x 195.57602pt.
<hllct5.png, id=18, 895.345pt x 766.865pt>
File: hllct5.png Graphic file (type png)
<use hllct5.png>
Package pdftex.def Info: hllct5.png  used on input line 123.
(pdftex.def)             Requested size: 211.38832pt x 181.0558pt.
<roet8a.png, id=19, 862.22125pt x 793.96625pt>
File: roet8a.png Graphic file (type png)
<use roet8a.png>
Package pdftex.def Info: roet8a.png  used on input line 131.
(pdftex.def)             Requested size: 211.38832pt x 194.65063pt.
<hllct8a.png, id=20, 897.3525pt x 766.865pt>
File: hllct8a.png Graphic file (type png)
<use hllct8a.png>
Package pdftex.def Info: hllct8a.png  used on input line 136.
(pdftex.def)             Requested size: 211.38832pt x 180.64626pt.
<roet8b.png, id=21, 859.21pt x 793.96625pt>
File: roet8b.png Graphic file (type png)
<use roet8b.png>
Package pdftex.def Info: roet8b.png  used on input line 144.
(pdftex.def)             Requested size: 211.38832pt x 195.32907pt.
<hllct8b.png, id=22, 898.35625pt x 767.86874pt>
File: hllct8b.png Graphic file (type png)
<use hllct8b.png>
Package pdftex.def Info: hllct8b.png  used on input line 149.
(pdftex.def)             Requested size: 211.38832pt x 180.6835pt.

Underfull \hbox (badness 10000) in paragraph at lines 61--155

 []


Underfull \hbox (badness 10000) in paragraph at lines 61--155

 []


Underfull \hbox (badness 10000) in paragraph at lines 61--155

 []


Underfull \hbox (badness 10000) in paragraph at lines 61--155

 []


Underfull \hbox (badness 10000) in paragraph at lines 61--155

 []


Underfull \hbox (badness 10000) in paragraph at lines 61--155

 []


Underfull \hbox (badness 10000) in paragraph at lines 61--155

 []


Underfull \hbox (badness 10000) in paragraph at lines 61--155

 []


Underfull \hbox (badness 10000) in paragraph at lines 61--155

 []


Underfull \hbox (badness 10000) in paragraph at lines 61--155

 []


Underfull \hbox (badness 10000) in paragraph at lines 61--155

 []


Underfull \hbox (badness 10000) in paragraph at lines 61--155

 []


Underfull \hbox (badness 10000) in paragraph at lines 61--155

 []


Underfull \hbox (badness 10000) in paragraph at lines 61--155

 []


Underfull \hbox (badness 10000) in paragraph at lines 61--155

 []


Underfull \hbox (badness 10000) in paragraph at lines 61--155

 []


Underfull \hbox (badness 10000) in paragraph at lines 61--155

 []


Underfull \hbox (badness 10000) in paragraph at lines 61--155

 []


Underfull \hbox (badness 10000) in paragraph at lines 61--155

 []


Underfull \hbox (badness 10000) in paragraph at lines 61--155

 []


Underfull \hbox (badness 10000) in paragraph at lines 61--155

 []


Underfull \hbox (badness 10000) in paragraph at lines 61--155

 []


Underfull \hbox (badness 10000) in paragraph at lines 61--155

 []


Underfull \hbox (badness 10000) in paragraph at lines 61--155

 []


Underfull \hbox (badness 10000) in paragraph at lines 61--155

 []


Underfull \hbox (badness 10000) in paragraph at lines 61--155

 []


Underfull \hbox (badness 10000) in paragraph at lines 61--155

 []


Underfull \hbox (badness 10000) in paragraph at lines 61--155

 []


Underfull \hbox (badness 10000) in paragraph at lines 61--155

 []


Underfull \hbox (badness 10000) in paragraph at lines 61--155

 []


Underfull \hbox (badness 10000) in paragraph at lines 61--155

 []


Underfull \hbox (badness 10000) in paragraph at lines 61--155

 []


Underfull \hbox (badness 10000) in paragraph at lines 61--155

 []


Underfull \hbox (badness 10000) in paragraph at lines 61--155

 []


Underfull \hbox (badness 10000) in paragraph at lines 61--155

 []


LaTeX Warning: `h' float specifier changed to `ht'.


LaTeX Warning: `h' float specifier changed to `ht'.


LaTeX Warning: `h' float specifier changed to `ht'.


LaTeX Warning: `h' float specifier changed to `ht'.


LaTeX Warning: `h' float specifier changed to `ht'.

[2 <./roet0.png> <./hllct0.png> <./roet1.png> <./hllct1.png>] [3 <./roet3.png> 
<./hllct3.png> <./roet4.png> <./hllct4.png>] [4 <./roet5.png> <./hllct5.png> <.
/roet8a.png> <./hllct8a.png>] [5 <./roet8b.png> <./hllct8b.png>] (document.aux)
 ) 
Here is how much of TeX's memory you used:
 6369 strings out of 492484
 92274 string characters out of 3121600
 165323 words of memory out of 3000000
 10617 multiletter control sequences out of 15000+200000
 9386 words of font info for 37 fonts, out of 3000000 for 9000
 1141 hyphenation exceptions out of 8191
 51i,9n,42p,1037b,476s stack positions out of 5000i,500n,10000p,200000b,50000s
<C:/Users/ab251/AppData/Local/Programs/MiKTeX 2.9/fonts/type1/public/amsfonts
/cm/cmbx12.pfb><C:/Users/ab251/AppData/Local/Programs/MiKTeX 2.9/fonts/type1/pu
blic/amsfonts/cm/cmmi12.pfb><C:/Users/ab251/AppData/Local/Programs/MiKTeX 2.9/f
onts/type1/public/amsfonts/cm/cmr10.pfb><C:/Users/ab251/AppData/Local/Programs/
MiKTeX 2.9/fonts/type1/public/amsfonts/cm/cmr12.pfb><C:/Users/ab251/AppData/Loc
al/Programs/MiKTeX 2.9/fonts/type1/public/amsfonts/cm/cmsy10.pfb>
Output written on document.pdf (5 pages, 2184300 bytes).
PDF statistics:
 67 PDF objects out of 1000 (max. 8388607)
 0 named destinations out of 1000 (max. 500000)
 71 words of extra memory for PDF output out of 10000 (max. 10000000)

