This is pdfTeX, Version 3.14159265-2.6-1.40.18 (TeX Live 2017) (preloaded format=pdflatex 2017.5.23)  29 OCT 2019 13:44
entering extended mode
 restricted \write18 enabled.
 %&-line parsing enabled.
**document.tex
(./document.tex
LaTeX2e <2017-04-15>
Babel <3.10> and hyphenation patterns for 84 language(s) loaded.
(/usr/local/texlive/2017/texmf-dist/tex/latex/base/article.cls
Document Class: article 2014/09/29 v1.4h Standard LaTeX document class
(/usr/local/texlive/2017/texmf-dist/tex/latex/base/size12.clo
File: size12.clo 2014/09/29 v1.4h Standard LaTeX file (size option)
)
\c@part=\count79
\c@section=\count80
\c@subsection=\count81
\c@subsubsection=\count82
\c@paragraph=\count83
\c@subparagraph=\count84
\c@figure=\count85
\c@table=\count86
\abovecaptionskip=\skip41
\belowcaptionskip=\skip42
\bibindent=\dimen102
)
(/usr/local/texlive/2017/texmf-dist/tex/latex/geometry/geometry.sty
Package: geometry 2010/09/12 v5.6 Page Geometry

(/usr/local/texlive/2017/texmf-dist/tex/latex/graphics/keyval.sty
Package: keyval 2014/10/28 v1.15 key=value parser (DPC)
\KV@toks@=\toks14
)
(/usr/local/texlive/2017/texmf-dist/tex/generic/oberdiek/ifpdf.sty
Package: ifpdf 2017/03/15 v3.2 Provides the ifpdf switch
)
(/usr/local/texlive/2017/texmf-dist/tex/generic/oberdiek/ifvtex.sty
Package: ifvtex 2016/05/16 v1.6 Detect VTeX and its facilities (HO)
Package ifvtex Info: VTeX not detected.
)
(/usr/local/texlive/2017/texmf-dist/tex/generic/ifxetex/ifxetex.sty
Package: ifxetex 2010/09/12 v0.6 Provides ifxetex conditional
)
\Gm@cnth=\count87
\Gm@cntv=\count88
\c@Gm@tempcnt=\count89
\Gm@bindingoffset=\dimen103
\Gm@wd@mp=\dimen104
\Gm@odd@mp=\dimen105
\Gm@even@mp=\dimen106
\Gm@layoutwidth=\dimen107
\Gm@layoutheight=\dimen108
\Gm@layouthoffset=\dimen109
\Gm@layoutvoffset=\dimen110
\Gm@dimlist=\toks15
)
(/usr/local/texlive/2017/texmf-dist/tex/latex/amsmath/amsmath.sty
Package: amsmath 2016/11/05 v2.16a AMS math features
\@mathmargin=\skip43

For additional information on amsmath, use the `?' option.
(/usr/local/texlive/2017/texmf-dist/tex/latex/amsmath/amstext.sty
Package: amstext 2000/06/29 v2.01 AMS text

(/usr/local/texlive/2017/texmf-dist/tex/latex/amsmath/amsgen.sty
File: amsgen.sty 1999/11/30 v2.0 generic functions
\@emptytoks=\toks16
\ex@=\dimen111
))
(/usr/local/texlive/2017/texmf-dist/tex/latex/amsmath/amsbsy.sty
Package: amsbsy 1999/11/29 v1.2d Bold Symbols
\pmbraise@=\dimen112
)
(/usr/local/texlive/2017/texmf-dist/tex/latex/amsmath/amsopn.sty
Package: amsopn 2016/03/08 v2.02 operator names
)
\inf@bad=\count90
LaTeX Info: Redefining \frac on input line 213.
\uproot@=\count91
\leftroot@=\count92
LaTeX Info: Redefining \overline on input line 375.
\classnum@=\count93
\DOTSCASE@=\count94
LaTeX Info: Redefining \ldots on input line 472.
LaTeX Info: Redefining \dots on input line 475.
LaTeX Info: Redefining \cdots on input line 596.
\Mathstrutbox@=\box26
\strutbox@=\box27
\big@size=\dimen113
LaTeX Font Info:    Redeclaring font encoding OML on input line 712.
LaTeX Font Info:    Redeclaring font encoding OMS on input line 713.
\macc@depth=\count95
\c@MaxMatrixCols=\count96
\dotsspace@=\muskip10
\c@parentequation=\count97
\dspbrk@lvl=\count98
\tag@help=\toks17
\row@=\count99
\column@=\count100
\maxfields@=\count101
\andhelp@=\toks18
\eqnshift@=\dimen114
\alignsep@=\dimen115
\tagshift@=\dimen116
\tagwidth@=\dimen117
\totwidth@=\dimen118
\lineht@=\dimen119
\@envbody=\toks19
\multlinegap=\skip44
\multlinetaggap=\skip45
\mathdisplay@stack=\toks20
LaTeX Info: Redefining \[ on input line 2817.
LaTeX Info: Redefining \] on input line 2818.
)
(/usr/local/texlive/2017/texmf-dist/tex/latex/amsfonts/amssymb.sty
Package: amssymb 2013/01/14 v3.01 AMS font symbols

(/usr/local/texlive/2017/texmf-dist/tex/latex/amsfonts/amsfonts.sty
Package: amsfonts 2013/01/14 v3.01 Basic AMSFonts support
\symAMSa=\mathgroup4
\symAMSb=\mathgroup5
LaTeX Font Info:    Overwriting math alphabet `\mathfrak' in version `bold'
(Font)                  U/euf/m/n --> U/euf/b/n on input line 106.
))
(/usr/local/texlive/2017/texmf-dist/tex/latex/amscls/amsthm.sty
Package: amsthm 2015/03/04 v2.20.2
\thm@style=\toks21
\thm@bodyfont=\toks22
\thm@headfont=\toks23
\thm@notefont=\toks24
\thm@headpunct=\toks25
\thm@preskip=\skip46
\thm@postskip=\skip47
\thm@headsep=\skip48
\dth@everypar=\toks26
)
(/usr/local/texlive/2017/texmf-dist/tex/latex/caption/caption.sty
Package: caption 2016/02/21 v3.3-144 Customizing captions (AR)

(/usr/local/texlive/2017/texmf-dist/tex/latex/caption/caption3.sty
Package: caption3 2016/05/22 v1.7-166 caption3 kernel (AR)
Package caption3 Info: TeX engine: e-TeX on input line 67.
\captionmargin=\dimen120
\captionmargin@=\dimen121
\captionwidth=\dimen122
\caption@tempdima=\dimen123
\caption@indent=\dimen124
\caption@parindent=\dimen125
\caption@hangindent=\dimen126
)
\c@ContinuedFloat=\count102
)
(/usr/local/texlive/2017/texmf-dist/tex/latex/caption/subcaption.sty
Package: subcaption 2016/05/22 v1.1-161 Sub-captions (AR)
\c@subfigure=\count103
\c@subtable=\count104
)
(/usr/local/texlive/2017/texmf-dist/tex/latex/graphics/graphicx.sty
Package: graphicx 2014/10/28 v1.0g Enhanced LaTeX Graphics (DPC,SPQR)

(/usr/local/texlive/2017/texmf-dist/tex/latex/graphics/graphics.sty
Package: graphics 2017/04/14 v1.1b Standard LaTeX Graphics (DPC,SPQR)

(/usr/local/texlive/2017/texmf-dist/tex/latex/graphics/trig.sty
Package: trig 2016/01/03 v1.10 sin cos tan (DPC)
)
(/usr/local/texlive/2017/texmf-dist/tex/latex/graphics-cfg/graphics.cfg
File: graphics.cfg 2016/06/04 v1.11 sample graphics configuration
)
Package graphics Info: Driver file: pdftex.def on input line 99.

(/usr/local/texlive/2017/texmf-dist/tex/latex/graphics-def/pdftex.def
File: pdftex.def 2017/01/12 v0.06k Graphics/color for pdfTeX

(/usr/local/texlive/2017/texmf-dist/tex/generic/oberdiek/infwarerr.sty
Package: infwarerr 2016/05/16 v1.4 Providing info/warning/error messages (HO)
)
(/usr/local/texlive/2017/texmf-dist/tex/generic/oberdiek/ltxcmds.sty
Package: ltxcmds 2016/05/16 v1.23 LaTeX kernel commands for general use (HO)
)
\Gread@gobject=\count105
))
\Gin@req@height=\dimen127
\Gin@req@width=\dimen128
)
(/usr/local/texlive/2017/texmf-dist/tex/latex/url/url.sty
\Urlmuskip=\muskip11
Package: url 2013/09/16  ver 3.4  Verb mode for urls, etc.
)
(/usr/local/texlive/2017/texmf-dist/tex/latex/jknapltx/mathrsfs.sty
Package: mathrsfs 1996/01/01 Math RSFS package v1.0 (jk)
\symrsfs=\mathgroup6
)
\c@theorem=\count106
\c@notation=\count107
\c@claim=\count108
\c@lemma=\count109
\c@definition=\count110

(/usr/local/texlive/2017/texmf-dist/tex/latex/base/inputenc.sty
Package: inputenc 2015/03/17 v1.2c Input encoding file
\inpenc@prehook=\toks27
\inpenc@posthook=\toks28

(/usr/local/texlive/2017/texmf-dist/tex/latex/base/utf8.def
File: utf8.def 2017/01/28 v1.1t UTF-8 support for inputenc
Now handling font encoding OML ...
... no UTF-8 mapping file for font encoding OML
Now handling font encoding T1 ...
... processing UTF-8 mapping file for font encoding T1

(/usr/local/texlive/2017/texmf-dist/tex/latex/base/t1enc.dfu
File: t1enc.dfu 2017/01/28 v1.1t UTF-8 support for inputenc
   defining Unicode char U+00A0 (decimal 160)
   defining Unicode char U+00A1 (decimal 161)
   defining Unicode char U+00A3 (decimal 163)
   defining Unicode char U+00AB (decimal 171)
   defining Unicode char U+00AD (decimal 173)
   defining Unicode char U+00BB (decimal 187)
   defining Unicode char U+00BF (decimal 191)
   defining Unicode char U+00C0 (decimal 192)
   defining Unicode char U+00C1 (decimal 193)
   defining Unicode char U+00C2 (decimal 194)
   defining Unicode char U+00C3 (decimal 195)
   defining Unicode char U+00C4 (decimal 196)
   defining Unicode char U+00C5 (decimal 197)
   defining Unicode char U+00C6 (decimal 198)
   defining Unicode char U+00C7 (decimal 199)
   defining Unicode char U+00C8 (decimal 200)
   defining Unicode char U+00C9 (decimal 201)
   defining Unicode char U+00CA (decimal 202)
   defining Unicode char U+00CB (decimal 203)
   defining Unicode char U+00CC (decimal 204)
   defining Unicode char U+00CD (decimal 205)
   defining Unicode char U+00CE (decimal 206)
   defining Unicode char U+00CF (decimal 207)
   defining Unicode char U+00D0 (decimal 208)
   defining Unicode char U+00D1 (decimal 209)
   defining Unicode char U+00D2 (decimal 210)
   defining Unicode char U+00D3 (decimal 211)
   defining Unicode char U+00D4 (decimal 212)
   defining Unicode char U+00D5 (decimal 213)
   defining Unicode char U+00D6 (decimal 214)
   defining Unicode char U+00D8 (decimal 216)
   defining Unicode char U+00D9 (decimal 217)
   defining Unicode char U+00DA (decimal 218)
   defining Unicode char U+00DB (decimal 219)
   defining Unicode char U+00DC (decimal 220)
   defining Unicode char U+00DD (decimal 221)
   defining Unicode char U+00DE (decimal 222)
   defining Unicode char U+00DF (decimal 223)
   defining Unicode char U+00E0 (decimal 224)
   defining Unicode char U+00E1 (decimal 225)
   defining Unicode char U+00E2 (decimal 226)
   defining Unicode char U+00E3 (decimal 227)
   defining Unicode char U+00E4 (decimal 228)
   defining Unicode char U+00E5 (decimal 229)
   defining Unicode char U+00E6 (decimal 230)
   defining Unicode char U+00E7 (decimal 231)
   defining Unicode char U+00E8 (decimal 232)
   defining Unicode char U+00E9 (decimal 233)
   defining Unicode char U+00EA (decimal 234)
   defining Unicode char U+00EB (decimal 235)
   defining Unicode char U+00EC (decimal 236)
   defining Unicode char U+00ED (decimal 237)
   defining Unicode char U+00EE (decimal 238)
   defining Unicode char U+00EF (decimal 239)
   defining Unicode char U+00F0 (decimal 240)
   defining Unicode char U+00F1 (decimal 241)
   defining Unicode char U+00F2 (decimal 242)
   defining Unicode char U+00F3 (decimal 243)
   defining Unicode char U+00F4 (decimal 244)
   defining Unicode char U+00F5 (decimal 245)
   defining Unicode char U+00F6 (decimal 246)
   defining Unicode char U+00F8 (decimal 248)
   defining Unicode char U+00F9 (decimal 249)
   defining Unicode char U+00FA (decimal 250)
   defining Unicode char U+00FB (decimal 251)
   defining Unicode char U+00FC (decimal 252)
   defining Unicode char U+00FD (decimal 253)
   defining Unicode char U+00FE (decimal 254)
   defining Unicode char U+00FF (decimal 255)
   defining Unicode char U+0100 (decimal 256)
   defining Unicode char U+0101 (decimal 257)
   defining Unicode char U+0102 (decimal 258)
   defining Unicode char U+0103 (decimal 259)
   defining Unicode char U+0104 (decimal 260)
   defining Unicode char U+0105 (decimal 261)
   defining Unicode char U+0106 (decimal 262)
   defining Unicode char U+0107 (decimal 263)
   defining Unicode char U+0108 (decimal 264)
   defining Unicode char U+0109 (decimal 265)
   defining Unicode char U+010A (decimal 266)
   defining Unicode char U+010B (decimal 267)
   defining Unicode char U+010C (decimal 268)
   defining Unicode char U+010D (decimal 269)
   defining Unicode char U+010E (decimal 270)
   defining Unicode char U+010F (decimal 271)
   defining Unicode char U+0110 (decimal 272)
   defining Unicode char U+0111 (decimal 273)
   defining Unicode char U+0112 (decimal 274)
   defining Unicode char U+0113 (decimal 275)
   defining Unicode char U+0114 (decimal 276)
   defining Unicode char U+0115 (decimal 277)
   defining Unicode char U+0116 (decimal 278)
   defining Unicode char U+0117 (decimal 279)
   defining Unicode char U+0118 (decimal 280)
   defining Unicode char U+0119 (decimal 281)
   defining Unicode char U+011A (decimal 282)
   defining Unicode char U+011B (decimal 283)
   defining Unicode char U+011C (decimal 284)
   defining Unicode char U+011D (decimal 285)
   defining Unicode char U+011E (decimal 286)
   defining Unicode char U+011F (decimal 287)
   defining Unicode char U+0120 (decimal 288)
   defining Unicode char U+0121 (decimal 289)
   defining Unicode char U+0122 (decimal 290)
   defining Unicode char U+0123 (decimal 291)
   defining Unicode char U+0124 (decimal 292)
   defining Unicode char U+0125 (decimal 293)
   defining Unicode char U+0128 (decimal 296)
   defining Unicode char U+0129 (decimal 297)
   defining Unicode char U+012A (decimal 298)
   defining Unicode char U+012B (decimal 299)
   defining Unicode char U+012C (decimal 300)
   defining Unicode char U+012D (decimal 301)
   defining Unicode char U+012E (decimal 302)
   defining Unicode char U+012F (decimal 303)
   defining Unicode char U+0130 (decimal 304)
   defining Unicode char U+0131 (decimal 305)
   defining Unicode char U+0132 (decimal 306)
   defining Unicode char U+0133 (decimal 307)
   defining Unicode char U+0134 (decimal 308)
   defining Unicode char U+0135 (decimal 309)
   defining Unicode char U+0136 (decimal 310)
   defining Unicode char U+0137 (decimal 311)
   defining Unicode char U+0139 (decimal 313)
   defining Unicode char U+013A (decimal 314)
   defining Unicode char U+013B (decimal 315)
   defining Unicode char U+013C (decimal 316)
   defining Unicode char U+013D (decimal 317)
   defining Unicode char U+013E (decimal 318)
   defining Unicode char U+0141 (decimal 321)
   defining Unicode char U+0142 (decimal 322)
   defining Unicode char U+0143 (decimal 323)
   defining Unicode char U+0144 (decimal 324)
   defining Unicode char U+0145 (decimal 325)
   defining Unicode char U+0146 (decimal 326)
   defining Unicode char U+0147 (decimal 327)
   defining Unicode char U+0148 (decimal 328)
   defining Unicode char U+014A (decimal 330)
   defining Unicode char U+014B (decimal 331)
   defining Unicode char U+014C (decimal 332)
   defining Unicode char U+014D (decimal 333)
   defining Unicode char U+014E (decimal 334)
   defining Unicode char U+014F (decimal 335)
   defining Unicode char U+0150 (decimal 336)
   defining Unicode char U+0151 (decimal 337)
   defining Unicode char U+0152 (decimal 338)
   defining Unicode char U+0153 (decimal 339)
   defining Unicode char U+0154 (decimal 340)
   defining Unicode char U+0155 (decimal 341)
   defining Unicode char U+0156 (decimal 342)
   defining Unicode char U+0157 (decimal 343)
   defining Unicode char U+0158 (decimal 344)
   defining Unicode char U+0159 (decimal 345)
   defining Unicode char U+015A (decimal 346)
   defining Unicode char U+015B (decimal 347)
   defining Unicode char U+015C (decimal 348)
   defining Unicode char U+015D (decimal 349)
   defining Unicode char U+015E (decimal 350)
   defining Unicode char U+015F (decimal 351)
   defining Unicode char U+0160 (decimal 352)
   defining Unicode char U+0161 (decimal 353)
   defining Unicode char U+0162 (decimal 354)
   defining Unicode char U+0163 (decimal 355)
   defining Unicode char U+0164 (decimal 356)
   defining Unicode char U+0165 (decimal 357)
   defining Unicode char U+0168 (decimal 360)
   defining Unicode char U+0169 (decimal 361)
   defining Unicode char U+016A (decimal 362)
   defining Unicode char U+016B (decimal 363)
   defining Unicode char U+016C (decimal 364)
   defining Unicode char U+016D (decimal 365)
   defining Unicode char U+016E (decimal 366)
   defining Unicode char U+016F (decimal 367)
   defining Unicode char U+0170 (decimal 368)
   defining Unicode char U+0171 (decimal 369)
   defining Unicode char U+0172 (decimal 370)
   defining Unicode char U+0173 (decimal 371)
   defining Unicode char U+0174 (decimal 372)
   defining Unicode char U+0175 (decimal 373)
   defining Unicode char U+0176 (decimal 374)
   defining Unicode char U+0177 (decimal 375)
   defining Unicode char U+0178 (decimal 376)
   defining Unicode char U+0179 (decimal 377)
   defining Unicode char U+017A (decimal 378)
   defining Unicode char U+017B (decimal 379)
   defining Unicode char U+017C (decimal 380)
   defining Unicode char U+017D (decimal 381)
   defining Unicode char U+017E (decimal 382)
   defining Unicode char U+01CD (decimal 461)
   defining Unicode char U+01CE (decimal 462)
   defining Unicode char U+01CF (decimal 463)
   defining Unicode char U+01D0 (decimal 464)
   defining Unicode char U+01D1 (decimal 465)
   defining Unicode char U+01D2 (decimal 466)
   defining Unicode char U+01D3 (decimal 467)
   defining Unicode char U+01D4 (decimal 468)
   defining Unicode char U+01E2 (decimal 482)
   defining Unicode char U+01E3 (decimal 483)
   defining Unicode char U+01E6 (decimal 486)
   defining Unicode char U+01E7 (decimal 487)
   defining Unicode char U+01E8 (decimal 488)
   defining Unicode char U+01E9 (decimal 489)
   defining Unicode char U+01EA (decimal 490)
   defining Unicode char U+01EB (decimal 491)
   defining Unicode char U+01F0 (decimal 496)
   defining Unicode char U+01F4 (decimal 500)
   defining Unicode char U+01F5 (decimal 501)
   defining Unicode char U+0218 (decimal 536)
   defining Unicode char U+0219 (decimal 537)
   defining Unicode char U+021A (decimal 538)
   defining Unicode char U+021B (decimal 539)
   defining Unicode char U+0232 (decimal 562)
   defining Unicode char U+0233 (decimal 563)
   defining Unicode char U+1E02 (decimal 7682)
   defining Unicode char U+1E03 (decimal 7683)
   defining Unicode char U+200C (decimal 8204)
   defining Unicode char U+2010 (decimal 8208)
   defining Unicode char U+2011 (decimal 8209)
   defining Unicode char U+2012 (decimal 8210)
   defining Unicode char U+2013 (decimal 8211)
   defining Unicode char U+2014 (decimal 8212)
   defining Unicode char U+2015 (decimal 8213)
   defining Unicode char U+2018 (decimal 8216)
   defining Unicode char U+2019 (decimal 8217)
   defining Unicode char U+201A (decimal 8218)
   defining Unicode char U+201C (decimal 8220)
   defining Unicode char U+201D (decimal 8221)
   defining Unicode char U+201E (decimal 8222)
   defining Unicode char U+2030 (decimal 8240)
   defining Unicode char U+2031 (decimal 8241)
   defining Unicode char U+2039 (decimal 8249)
   defining Unicode char U+203A (decimal 8250)
   defining Unicode char U+2423 (decimal 9251)
   defining Unicode char U+1E20 (decimal 7712)
   defining Unicode char U+1E21 (decimal 7713)
)
Now handling font encoding OT1 ...
... processing UTF-8 mapping file for font encoding OT1

(/usr/local/texlive/2017/texmf-dist/tex/latex/base/ot1enc.dfu
File: ot1enc.dfu 2017/01/28 v1.1t UTF-8 support for inputenc
   defining Unicode char U+00A0 (decimal 160)
   defining Unicode char U+00A1 (decimal 161)
   defining Unicode char U+00A3 (decimal 163)
   defining Unicode char U+00AD (decimal 173)
   defining Unicode char U+00B8 (decimal 184)
   defining Unicode char U+00BF (decimal 191)
   defining Unicode char U+00C5 (decimal 197)
   defining Unicode char U+00C6 (decimal 198)
   defining Unicode char U+00D8 (decimal 216)
   defining Unicode char U+00DF (decimal 223)
   defining Unicode char U+00E6 (decimal 230)
   defining Unicode char U+00EC (decimal 236)
   defining Unicode char U+00ED (decimal 237)
   defining Unicode char U+00EE (decimal 238)
   defining Unicode char U+00EF (decimal 239)
   defining Unicode char U+00F8 (decimal 248)
   defining Unicode char U+0131 (decimal 305)
   defining Unicode char U+0141 (decimal 321)
   defining Unicode char U+0142 (decimal 322)
   defining Unicode char U+0152 (decimal 338)
   defining Unicode char U+0153 (decimal 339)
   defining Unicode char U+0174 (decimal 372)
   defining Unicode char U+0175 (decimal 373)
   defining Unicode char U+0176 (decimal 374)
   defining Unicode char U+0177 (decimal 375)
   defining Unicode char U+0218 (decimal 536)
   defining Unicode char U+0219 (decimal 537)
   defining Unicode char U+021A (decimal 538)
   defining Unicode char U+021B (decimal 539)
   defining Unicode char U+2013 (decimal 8211)
   defining Unicode char U+2014 (decimal 8212)
   defining Unicode char U+2018 (decimal 8216)
   defining Unicode char U+2019 (decimal 8217)
   defining Unicode char U+201C (decimal 8220)
   defining Unicode char U+201D (decimal 8221)
)
Now handling font encoding OMS ...
... processing UTF-8 mapping file for font encoding OMS

(/usr/local/texlive/2017/texmf-dist/tex/latex/base/omsenc.dfu
File: omsenc.dfu 2017/01/28 v1.1t UTF-8 support for inputenc
   defining Unicode char U+00A7 (decimal 167)
   defining Unicode char U+00B6 (decimal 182)
   defining Unicode char U+00B7 (decimal 183)
   defining Unicode char U+2020 (decimal 8224)
   defining Unicode char U+2021 (decimal 8225)
   defining Unicode char U+2022 (decimal 8226)
)
Now handling font encoding OMX ...
... no UTF-8 mapping file for font encoding OMX
Now handling font encoding U ...
... no UTF-8 mapping file for font encoding U
   defining Unicode char U+00A9 (decimal 169)
   defining Unicode char U+00AA (decimal 170)
   defining Unicode char U+00AE (decimal 174)
   defining Unicode char U+00BA (decimal 186)
   defining Unicode char U+02C6 (decimal 710)
   defining Unicode char U+02DC (decimal 732)
   defining Unicode char U+200C (decimal 8204)
   defining Unicode char U+2026 (decimal 8230)
   defining Unicode char U+2122 (decimal 8482)
   defining Unicode char U+2423 (decimal 9251)
))
(/usr/local/texlive/2017/texmf-dist/tex/latex/listings/listings.sty
\lst@mode=\count111
\lst@gtempboxa=\box28
\lst@token=\toks29
\lst@length=\count112
\lst@currlwidth=\dimen129
\lst@column=\count113
\lst@pos=\count114
\lst@lostspace=\dimen130
\lst@width=\dimen131
\lst@newlines=\count115
\lst@lineno=\count116
\lst@maxwidth=\dimen132

(/usr/local/texlive/2017/texmf-dist/tex/latex/listings/lstmisc.sty
File: lstmisc.sty 2015/06/04 1.6 (Carsten Heinz)
\c@lstnumber=\count117
\lst@skipnumbers=\count118
\lst@framebox=\box29
)
(/usr/local/texlive/2017/texmf-dist/tex/latex/listings/listings.cfg
File: listings.cfg 2015/06/04 1.6 listings configuration
))
Package: listings 2015/06/04 1.6 (Carsten Heinz)

(/usr/local/texlive/2017/texmf-dist/tex/latex/xcolor/xcolor.sty
Package: xcolor 2016/05/11 v2.12 LaTeX color extensions (UK)

(/usr/local/texlive/2017/texmf-dist/tex/latex/graphics-cfg/color.cfg
File: color.cfg 2016/01/02 v1.6 sample color configuration
)
Package xcolor Info: Driver file: pdftex.def on input line 225.
Package xcolor Info: Model `cmy' substituted by `cmy0' on input line 1348.
Package xcolor Info: Model `hsb' substituted by `rgb' on input line 1352.
Package xcolor Info: Model `RGB' extended on input line 1364.
Package xcolor Info: Model `HTML' substituted by `rgb' on input line 1366.
Package xcolor Info: Model `Hsb' substituted by `hsb' on input line 1367.
Package xcolor Info: Model `tHsb' substituted by `hsb' on input line 1368.
Package xcolor Info: Model `HSB' substituted by `hsb' on input line 1369.
Package xcolor Info: Model `Gray' substituted by `gray' on input line 1370.
Package xcolor Info: Model `wave' substituted by `hsb' on input line 1371.
)
(./document.aux)
\openout1 = `document.aux'.

LaTeX Font Info:    Checking defaults for OML/cmm/m/it on input line 50.
LaTeX Font Info:    ... okay on input line 50.
LaTeX Font Info:    Checking defaults for T1/cmr/m/n on input line 50.
LaTeX Font Info:    ... okay on input line 50.
LaTeX Font Info:    Checking defaults for OT1/cmr/m/n on input line 50.
LaTeX Font Info:    ... okay on input line 50.
LaTeX Font Info:    Checking defaults for OMS/cmsy/m/n on input line 50.
LaTeX Font Info:    ... okay on input line 50.
LaTeX Font Info:    Checking defaults for OMX/cmex/m/n on input line 50.
LaTeX Font Info:    ... okay on input line 50.
LaTeX Font Info:    Checking defaults for U/cmr/m/n on input line 50.
LaTeX Font Info:    ... okay on input line 50.

*geometry* driver: auto-detecting
*geometry* detected driver: pdftex
*geometry* verbose mode - [ preamble ] result:
* driver: pdftex
* paper: <default>
* layout: <same size as paper>
* layoutoffset:(h,v)=(0.0pt,0.0pt)
* modes: 
* h-part:(L,W,R)=(72.26999pt, 469.75502pt, 72.26999pt)
* v-part:(T,H,B)=(72.26999pt, 650.43001pt, 72.26999pt)
* \paperwidth=614.295pt
* \paperheight=794.96999pt
* \textwidth=469.75502pt
* \textheight=650.43001pt
* \oddsidemargin=0.0pt
* \evensidemargin=0.0pt
* \topmargin=-37.0pt
* \headheight=12.0pt
* \headsep=25.0pt
* \topskip=12.0pt
* \footskip=30.0pt
* \marginparwidth=44.0pt
* \marginparsep=10.0pt
* \columnsep=10.0pt
* \skip\footins=10.8pt plus 4.0pt minus 2.0pt
* \hoffset=0.0pt
* \voffset=0.0pt
* \mag=1000
* \@twocolumnfalse
* \@twosidefalse
* \@mparswitchfalse
* \@reversemarginfalse
* (1in=72.27pt=25.4mm, 1cm=28.453pt)

Package caption Info: Begin \AtBeginDocument code.
Package caption Info: listings package is loaded.
Package caption Info: End \AtBeginDocument code.
(/usr/local/texlive/2017/texmf-dist/tex/context/base/mkii/supp-pdf.mkii
[Loading MPS to PDF converter (version 2006.09.02).]
\scratchcounter=\count119
\scratchdimen=\dimen133
\scratchbox=\box30
\nofMPsegments=\count120
\nofMParguments=\count121
\everyMPshowfont=\toks30
\MPscratchCnt=\count122
\MPscratchDim=\dimen134
\MPnumerator=\count123
\makeMPintoPDFobject=\count124
\everyMPtoPDFconversion=\toks31
) (/usr/local/texlive/2017/texmf-dist/tex/generic/oberdiek/pdftexcmds.sty
Package: pdftexcmds 2017/03/19 v0.25 Utility functions of pdfTeX for LuaTeX (HO
)

(/usr/local/texlive/2017/texmf-dist/tex/generic/oberdiek/ifluatex.sty
Package: ifluatex 2016/05/16 v1.4 Provides the ifluatex switch (HO)
Package ifluatex Info: LuaTeX not detected.
)
Package pdftexcmds Info: LuaTeX not detected.
Package pdftexcmds Info: \pdf@primitive is available.
Package pdftexcmds Info: \pdf@ifprimitive is available.
Package pdftexcmds Info: \pdfdraftmode found.
)
(/usr/local/texlive/2017/texmf-dist/tex/latex/oberdiek/epstopdf-base.sty
Package: epstopdf-base 2016/05/15 v2.6 Base part for package epstopdf

(/usr/local/texlive/2017/texmf-dist/tex/latex/oberdiek/grfext.sty
Package: grfext 2016/05/16 v1.2 Manage graphics extensions (HO)

(/usr/local/texlive/2017/texmf-dist/tex/generic/oberdiek/kvdefinekeys.sty
Package: kvdefinekeys 2016/05/16 v1.4 Define keys (HO)
))
(/usr/local/texlive/2017/texmf-dist/tex/latex/oberdiek/kvoptions.sty
Package: kvoptions 2016/05/16 v3.12 Key value format for package options (HO)

(/usr/local/texlive/2017/texmf-dist/tex/generic/oberdiek/kvsetkeys.sty
Package: kvsetkeys 2016/05/16 v1.17 Key value parser (HO)

(/usr/local/texlive/2017/texmf-dist/tex/generic/oberdiek/etexcmds.sty
Package: etexcmds 2016/05/16 v1.6 Avoid name clashes with e-TeX commands (HO)
Package etexcmds Info: Could not find \expanded.
(etexcmds)             That can mean that you are not using pdfTeX 1.50 or
(etexcmds)             that some package has redefined \expanded.
(etexcmds)             In the latter case, load this package earlier.
)))
Package epstopdf-base Info: Redefining graphics rule for `.eps' on input line 4
38.
Package grfext Info: Graphics extension search list:
(grfext)             [.png,.pdf,.jpg,.mps,.jpeg,.jbig2,.jb2,.PNG,.PDF,.JPG,.JPE
G,.JBIG2,.JB2,.eps]
(grfext)             \AppendGraphicsExtensions on input line 456.

(/usr/local/texlive/2017/texmf-dist/tex/latex/latexconfig/epstopdf-sys.cfg
File: epstopdf-sys.cfg 2010/07/13 v1.3 Configuration of (r)epstopdf for TeX Liv
e
))
\c@lstlisting=\count125

Underfull \hbox (badness 10000) in paragraph at lines 55--56

 []

LaTeX Font Info:    Try loading font information for U+msa on input line 57.
(/usr/local/texlive/2017/texmf-dist/tex/latex/amsfonts/umsa.fd
File: umsa.fd 2013/01/14 v3.01 AMS symbols A
)
LaTeX Font Info:    Try loading font information for U+msb on input line 57.

(/usr/local/texlive/2017/texmf-dist/tex/latex/amsfonts/umsb.fd
File: umsb.fd 2013/01/14 v3.01 AMS symbols B
)
LaTeX Font Info:    Try loading font information for U+rsfs on input line 57.

(/usr/local/texlive/2017/texmf-dist/tex/latex/jknapltx/ursfs.fd
File: ursfs.fd 1998/03/24 rsfs font definition file (jk)
)
<functionplot200.png, id=1, 462.528pt x 346.896pt>
File: functionplot200.png Graphic file (type png)
 <use functionplot200.png>
Package pdftex.def Info: functionplot200.png used on input line 60.
(pdftex.def)             Requested size: 352.31625pt x 264.25241pt.

<gpranalytic.png, id=3, 462.528pt x 346.896pt>
File: gpranalytic.png Graphic file (type png)
 <use gpranalytic.png>
Package pdftex.def Info: gpranalytic.png used on input line 69.
(pdftex.def)             Requested size: 281.85587pt x 211.39981pt.

Underfull \hbox (badness 10000) in paragraph at lines 65--72

 []


Underfull \hbox (badness 10000) in paragraph at lines 65--72

 []


Underfull \hbox (badness 10000) in paragraph at lines 65--72

 []


LaTeX Warning: `h' float specifier changed to `ht'.

<gprimeeulerplot.png, id=4, 462.528pt x 346.896pt>
File: gprimeeulerplot.png Graphic file (type png)
 <use gprimeeulerplot.png>
Package pdftex.def Info: gprimeeulerplot.png used on input line 77.
(pdftex.def)             Requested size: 281.85587pt x 211.39981pt.

<gprimeabserror.png, id=5, 462.528pt x 346.896pt>
File: gprimeabserror.png Graphic file (type png)
 <use gprimeabserror.png>
Package pdftex.def Info: gprimeabserror.png used on input line 86.
(pdftex.def)             Requested size: 187.89914pt x 140.92615pt.

<gprimepercenterror.png, id=6, 462.528pt x 346.896pt>
File: gprimepercenterror.png Graphic file (type png)

<use gprimepercenterror.png>
Package pdftex.def Info: gprimepercenterror.png used on input line 91.
(pdftex.def)             Requested size: 187.89914pt x 140.92615pt.
 <error200gpr.png, id=7, 580.1675pt x 39.14626pt>
File: error200gpr.png Graphic file (type png)

<use error200gpr.png>
Package pdftex.def Info: error200gpr.png used on input line 101.
(pdftex.def)             Requested size: 281.85587pt x 19.01816pt.
 <gdpranalytic.png, id=8, 462.528pt x 346.896pt>
File: gdpranalytic.png Graphic file (type png)

<use gdpranalytic.png>
Package pdftex.def Info: gdpranalytic.png used on input line 107.
(pdftex.def)             Requested size: 258.36668pt x 193.78404pt.
 <gdprimeeulerplot.png, id=9, 462.528pt x 346.896pt>
File: gdprimeeulerplot.png Graphic file (type png)

<use gdprimeeulerplot.png>
Package pdftex.def Info: gdprimeeulerplot.png used on input line 112.
(pdftex.def)             Requested size: 281.85587pt x 211.39981pt.
 <gdprimeabserror.png, id=10, 462.528pt x 346.896pt>
File: gdprimeabserror.png Graphic file (type png)

<use gdprimeabserror.png>
Package pdftex.def Info: gdprimeabserror.png used on input line 120.
(pdftex.def)             Requested size: 187.89914pt x 140.92615pt.

<gdprimepercenterror.png, id=11, 462.528pt x 346.896pt>
File: gdprimepercenterror.png Graphic file (type png)

<use gdprimepercenterror.png>
Package pdftex.def Info: gdprimepercenterror.png used on input line 125.
(pdftex.def)             Requested size: 187.89914pt x 140.92615pt.

Underfull \hbox (badness 10000) in paragraph at lines 73--132

 []


Underfull \hbox (badness 10000) in paragraph at lines 73--132

 []


Underfull \hbox (badness 10000) in paragraph at lines 73--132

 []


Underfull \hbox (badness 10000) in paragraph at lines 73--132

 []


Underfull \hbox (badness 10000) in paragraph at lines 73--132

 []


Underfull \hbox (badness 10000) in paragraph at lines 73--132

 []


Underfull \hbox (badness 10000) in paragraph at lines 73--132

 []

[1

{/usr/local/texlive/2017/texmf-var/fonts/map/pdftex/updmap/pdftex.map} <./funct
ionplot200.png>] [2 <./gpranalytic.png> <./gprimeeulerplot.png>] [3 <./gprimeab
serror.png> <./gprimepercenterror.png> <./error200gpr.png>] [4 <./gdpranalytic.
png> <./gdprimeeulerplot.png>]
<error200gdpr.png, id=47, 549.05125pt x 31.11626pt>
File: error200gdpr.png Graphic file (type png)
 <use error200gdpr.png>
Package pdftex.def Info: error200gdpr.png used on input line 136.
(pdftex.def)             Requested size: 281.85587pt x 15.974pt.

Underfull \hbox (badness 10000) in paragraph at lines 133--140

 []


Underfull \hbox (badness 10000) in paragraph at lines 133--140

 []


Underfull \hbox (badness 10000) in paragraph at lines 133--140

 []

<functionplot400.png, id=48, 462.528pt x 346.896pt>
File: functionplot400.png Graphic file (type png)
 <use functionplot400.png>
Package pdftex.def Info: functionplot400.png used on input line 145.
(pdftex.def)             Requested size: 352.31625pt x 264.25241pt.
File: gpranalytic.png Graphic file (type png)

<use gpranalytic.png>
Package pdftex.def Info: gpranalytic.png used on input line 151.
(pdftex.def)             Requested size: 211.38832pt x 158.54192pt.
 <gprimeeulerplot400.png, id=49, 462.528pt x 346.896pt>
File: gprimeeulerplot400.png Graphic file (type png)

<use gprimeeulerplot400.png>
Package pdftex.def Info: gprimeeulerplot400.png used on input line 157.
(pdftex.def)             Requested size: 281.85587pt x 211.39981pt.

<gprimeabserror400.png, id=50, 462.528pt x 346.896pt>
File: gprimeabserror400.png Graphic file (type png)

<use gprimeabserror400.png>
Package pdftex.def Info: gprimeabserror400.png used on input line 165.
(pdftex.def)             Requested size: 187.89914pt x 140.92615pt.

<gprimepercenterror400.png, id=51, 462.528pt x 346.896pt>
File: gprimepercenterror400.png Graphic file (type png)

<use gprimepercenterror400.png>
Package pdftex.def Info: gprimepercenterror400.png used on input line 170.
(pdftex.def)             Requested size: 187.89914pt x 140.92615pt.

Underfull \hbox (badness 10000) in paragraph at lines 141--175

 []


Underfull \hbox (badness 10000) in paragraph at lines 141--175

 []


Underfull \hbox (badness 10000) in paragraph at lines 141--175

 []

[5 <./gdprimeabserror.png> <./gdprimepercenterror.png> <./error200gdpr.png>]

LaTeX Warning: `h' float specifier changed to `ht'.

[6 <./functionplot400.png>] <errorgpr400.png, id=62, 571.13374pt x 45.16875pt>
File: errorgpr400.png Graphic file (type png)

<use errorgpr400.png>
Package pdftex.def Info: errorgpr400.png used on input line 180.
(pdftex.def)             Requested size: 281.85587pt x 22.2907pt.
 <gdprimeeulerplot400.png, id=63, 462.528pt x 346.896pt>
File: gdprimeeulerplot400.png Graphic file (type png)

<use gdprimeeulerplot400.png>
Package pdftex.def Info: gdprimeeulerplot400.png used on input line 188.
(pdftex.def)             Requested size: 281.85587pt x 211.39981pt.

<gdprimeabserror400.png, id=64, 462.528pt x 346.896pt>
File: gdprimeabserror400.png Graphic file (type png)

<use gdprimeabserror400.png>
Package pdftex.def Info: gdprimeabserror400.png used on input line 196.
(pdftex.def)             Requested size: 187.89914pt x 140.92615pt.

<gdprimepercenterror400.png, id=65, 462.528pt x 346.896pt>
File: gdprimepercenterror400.png Graphic file (type png)

<use gdprimepercenterror400.png>
Package pdftex.def Info: gdprimepercenterror400.png used on input line 201.
(pdftex.def)             Requested size: 187.89914pt x 140.92615pt.

<errorgdpr400.png, id=66, 563.10374pt x 36.135pt>
File: errorgdpr400.png Graphic file (type png)
 <use errorgdpr400.png>
Package pdftex.def Info: errorgdpr400.png used on input line 211.
(pdftex.def)             Requested size: 281.85587pt x 18.08673pt.

Underfull \hbox (badness 10000) in paragraph at lines 176--215

 []


Underfull \hbox (badness 10000) in paragraph at lines 176--215

 []


Underfull \hbox (badness 10000) in paragraph at lines 176--215

 []


Underfull \hbox (badness 10000) in paragraph at lines 176--215

 []


Underfull \hbox (badness 10000) in paragraph at lines 176--215

 []


Underfull \hbox (badness 10000) in paragraph at lines 176--215

 []


Underfull \hbox (badness 10000) in paragraph at lines 176--215

 []


Underfull \hbox (badness 10000) in paragraph at lines 176--215

 []


Underfull \hbox (badness 10000) in paragraph at lines 176--215

 []


Underfull \hbox (badness 10000) in paragraph at lines 176--215

 []


Underfull \hbox (badness 10000) in paragraph at lines 176--215

 []


Underfull \hbox (badness 10000) in paragraph at lines 176--215

 []


Underfull \hbox (badness 10000) in paragraph at lines 176--215

 []


Underfull \hbox (badness 10000) in paragraph at lines 176--215

 []


Underfull \hbox (badness 10000) in paragraph at lines 176--215

 []


Underfull \hbox (badness 10000) in paragraph at lines 176--215

 []

[7 <./gprimeeulerplot400.png> <./gprimeabserror400.png> <./gprimepercenterror40
0.png>]

LaTeX Warning: `h' float specifier changed to `ht'.

[8 <./errorgpr400.png> <./gdprimeeulerplot400.png>] [9 <./gdprimeabserror400.pn
g> <./gdprimepercenterror400.png> <./errorgdpr400.png>]
<space_domain_actualfunc1024.png, id=85, 462.528pt x 346.896pt>
File: space_domain_actualfunc1024.png Graphic file (type png)

<use space_domain_actualfunc1024.png>
Package pdftex.def Info: space_domain_actualfunc1024.png used on input line 222
.
(pdftex.def)             Requested size: 187.89914pt x 140.92615pt.

<freq_domain_numpy.png, id=86, 462.528pt x 346.896pt>
File: freq_domain_numpy.png Graphic file (type png)

<use freq_domain_numpy.png>
Package pdftex.def Info: freq_domain_numpy.png used on input line 227.
(pdftex.def)             Requested size: 187.89914pt x 140.92615pt.

<POC_space_domain.png, id=87, 462.528pt x 346.896pt>
File: POC_space_domain.png Graphic file (type png)

<use POC_space_domain.png>
Package pdftex.def Info: POC_space_domain.png used on input line 237.
(pdftex.def)             Requested size: 187.89914pt x 140.92615pt.
 <POC_freq.png, id=88, 462.528pt x 346.896pt>
File: POC_freq.png Graphic file (type png)

<use POC_freq.png>
Package pdftex.def Info: POC_freq.png used on input line 242.
(pdftex.def)             Requested size: 187.89914pt x 140.92615pt.
 <fftanalyticcomparison.png, id=89, 462.528pt x 346.896pt>
File: fftanalyticcomparison.png Graphic file (type png)

<use fftanalyticcomparison.png>
Package pdftex.def Info: fftanalyticcomparison.png used on input line 251.
(pdftex.def)             Requested size: 281.85587pt x 211.39981pt.

<eulerfftcomparison.png, id=90, 462.528pt x 346.896pt>
File: eulerfftcomparison.png Graphic file (type png)

<use eulerfftcomparison.png>
Package pdftex.def Info: eulerfftcomparison.png used on input line 258.
(pdftex.def)             Requested size: 187.89914pt x 140.92615pt.
 <exp_fitting.png, id=91, 462.528pt x 346.896pt>
File: exp_fitting.png Graphic file (type png)

<use exp_fitting.png>
Package pdftex.def Info: exp_fitting.png used on input line 265.
(pdftex.def)             Requested size: 234.8775pt x 176.15768pt.
 <cubic_spline.png, id=92, 462.528pt x 346.896pt>
File: cubic_spline.png Graphic file (type png)

<use cubic_spline.png>
Package pdftex.def Info: cubic_spline.png used on input line 281.
(pdftex.def)             Requested size: 234.8775pt x 176.15768pt.

Underfull \hbox (badness 10000) in paragraph at lines 216--286

 []


Underfull \hbox (badness 10000) in paragraph at lines 216--286

 []


Underfull \hbox (badness 10000) in paragraph at lines 216--286

 []


Underfull \hbox (badness 10000) in paragraph at lines 216--286

 []


Underfull \hbox (badness 10000) in paragraph at lines 216--286

 []


Underfull \hbox (badness 10000) in paragraph at lines 216--286

 []


Underfull \hbox (badness 10000) in paragraph at lines 216--286

 []


Underfull \hbox (badness 10000) in paragraph at lines 216--286

 []


Underfull \hbox (badness 10000) in paragraph at lines 216--286

 []


Underfull \hbox (badness 10000) in paragraph at lines 216--286

 []


Underfull \hbox (badness 10000) in paragraph at lines 216--286

 []


Underfull \hbox (badness 10000) in paragraph at lines 216--286

 []

[10 <./space_domain_actualfunc1024.png> <./freq_domain_numpy.png> <./POC_space_
domain.png> <./POC_freq.png>] [11 <./fftanalyticcomparison.png> <./eulerfftcomp
arison.png>] [12 <./exp_fitting.png>] [13 <./cubic_spline.png>]
(/usr/local/texlive/2017/texmf-dist/tex/latex/listings/lstlang1.sty
File: lstlang1.sty 2015/06/04 1.6 listings language file
)
(./compphysmidterm.py
Overfull \hbox (47.94402pt too wide) in paragraph at lines 35--38
[][][][] 
 []

[14]
Overfull \hbox (47.94402pt too wide) in paragraph at lines 44--45
[][][][] 
 []


Overfull \hbox (41.64403pt too wide) in paragraph at lines 60--62
[][][][] 
 []


Overfull \hbox (41.64403pt too wide) in paragraph at lines 66--68
[][][][] 
 []


Overfull \hbox (41.64403pt too wide) in paragraph at lines 76--78
[][][][] 
 []

[15]
Overfull \hbox (41.64403pt too wide) in paragraph at lines 128--130
[][][][] 
 []

[16] [17]
Overfull \hbox (41.64403pt too wide) in paragraph at lines 198--200
[][][][] 
 []


Overfull \hbox (41.64403pt too wide) in paragraph at lines 204--207
[][][][] 
 []

[18]
Overfull \hbox (41.64403pt too wide) in paragraph at lines 240--242
[][][][] 
 []


Overfull \hbox (47.94402pt too wide) in paragraph at lines 255--256
[][][][] 
 []


Overfull \hbox (41.64403pt too wide) in paragraph at lines 267--268
[][][][] 
 []

[19]) [20] (./compphysmidterm3.py
Overfull \hbox (47.94402pt too wide) in paragraph at lines 26--28
[][][][] 
 []


Overfull \hbox (41.64403pt too wide) in paragraph at lines 33--34
[][][][] 
 []

[21]) [22] (./document.aux) ) 
Here is how much of TeX's memory you used:
 7005 strings out of 492995
 97339 string characters out of 6132704
 379937 words of memory out of 5000000
 10422 multiletter control sequences out of 15000+600000
 11917 words of font info for 50 fonts, out of 8000000 for 9000
 1141 hyphenation exceptions out of 8191
 39i,9n,43p,1033b,1801s stack positions out of 5000i,500n,10000p,200000b,80000s
</usr/local/texlive/2017/texmf-dist/fonts/type1/pu
blic/amsfonts/cm/cmbx12.pfb></usr/local/texlive/2017/texmf-dist/fonts/type1/pub
lic/amsfonts/cm/cmex10.pfb></usr/local/texlive/2017/texmf-dist/fonts/type1/publ
ic/amsfonts/cm/cmmi12.pfb></usr/local/texlive/2017/texmf-dist/fonts/type1/publi
c/amsfonts/cm/cmmi6.pfb></usr/local/texlive/2017/texmf-dist/fonts/type1/public/
amsfonts/cm/cmmi8.pfb></usr/local/texlive/2017/texmf-dist/fonts/type1/public/am
sfonts/cm/cmr10.pfb></usr/local/texlive/2017/texmf-dist/fonts/type1/public/amsf
onts/cm/cmr12.pfb></usr/local/texlive/2017/texmf-dist/fonts/type1/public/amsfon
ts/cm/cmr6.pfb></usr/local/texlive/2017/texmf-dist/fonts/type1/public/amsfonts/
cm/cmr7.pfb></usr/local/texlive/2017/texmf-dist/fonts/type1/public/amsfonts/cm/
cmr8.pfb></usr/local/texlive/2017/texmf-dist/fonts/type1/public/amsfonts/cm/cms
y10.pfb></usr/local/texlive/2017/texmf-dist/fonts/type1/public/amsfonts/cm/cmsy
6.pfb></usr/local/texlive/2017/texmf-dist/fonts/type1/public/amsfonts/cm/cmsy8.
pfb></usr/local/texlive/2017/texmf-dist/fonts/type1/public/amsfonts/cm/cmtt10.p
fb>
Output written on document.pdf (22 pages, 1291035 bytes).
PDF statistics:
 188 PDF objects out of 1000 (max. 8388607)
 93 compressed objects within 1 object stream
 0 named destinations out of 1000 (max. 500000)
 141 words of extra memory for PDF output out of 10000 (max. 10000000)

